{"C:\\Hacktiv8 Bootcamp\\Phase3\\Final Project\\fsjs-t1-final-server\\services\\server1\\app.js": {"path":"C:\\Hacktiv8 Bootcamp\\Phase3\\Final Project\\fsjs-t1-final-server\\services\\server1\\app.js","statementMap":{"0":{"start":{"line":1,"column":0},"end":{"line":3,"column":1}},"1":{"start":{"line":2,"column":2},"end":{"line":2,"column":29}},"2":{"start":{"line":5,"column":16},"end":{"line":5,"column":34}},"3":{"start":{"line":6,"column":12},"end":{"line":6,"column":21}},"4":{"start":{"line":7,"column":13},"end":{"line":7,"column":28}},"5":{"start":{"line":8,"column":13},"end":{"line":8,"column":37}},"6":{"start":{"line":9,"column":19},"end":{"line":9,"column":54}},"7":{"start":{"line":10,"column":21},"end":{"line":10,"column":58}},"8":{"start":{"line":11,"column":23},"end":{"line":11,"column":62}},"9":{"start":{"line":12,"column":15},"end":{"line":12,"column":42}},"10":{"start":{"line":16,"column":0},"end":{"line":16,"column":16}},"11":{"start":{"line":17,"column":0},"end":{"line":17,"column":24}},"12":{"start":{"line":18,"column":0},"end":{"line":18,"column":48}},"13":{"start":{"line":20,"column":0},"end":{"line":20,"column":67}},"14":{"start":{"line":21,"column":0},"end":{"line":21,"column":36}},"15":{"start":{"line":24,"column":0},"end":{"line":24,"column":23}},"16":{"start":{"line":25,"column":0},"end":{"line":25,"column":48}},"17":{"start":{"line":26,"column":0},"end":{"line":26,"column":69}},"18":{"start":{"line":27,"column":0},"end":{"line":27,"column":69}},"19":{"start":{"line":28,"column":0},"end":{"line":28,"column":48}},"20":{"start":{"line":29,"column":0},"end":{"line":29,"column":40}},"21":{"start":{"line":30,"column":0},"end":{"line":30,"column":72}},"22":{"start":{"line":31,"column":0},"end":{"line":31,"column":53}},"23":{"start":{"line":33,"column":0},"end":{"line":33,"column":21}},"24":{"start":{"line":38,"column":0},"end":{"line":38,"column":20}}},"fnMap":{},"branchMap":{"0":{"loc":{"start":{"line":1,"column":0},"end":{"line":3,"column":1}},"type":"if","locations":[{"start":{"line":1,"column":0},"end":{"line":3,"column":1}},{"start":{},"end":{}}],"line":1},"1":{"loc":{"start":{"line":8,"column":13},"end":{"line":8,"column":37}},"type":"binary-expr","locations":[{"start":{"line":8,"column":13},"end":{"line":8,"column":29}},{"start":{"line":8,"column":33},"end":{"line":8,"column":37}}],"line":8}},"s":{"0":2,"1":2,"2":2,"3":2,"4":2,"5":2,"6":2,"7":2,"8":2,"9":2,"10":2,"11":2,"12":2,"13":2,"14":2,"15":2,"16":2,"17":2,"18":2,"19":2,"20":2,"21":2,"22":2,"23":2,"24":2},"f":{},"b":{"0":[2,0],"1":[2,2]},"_coverageSchema":"1a1c01bbd47fc00a2c39e90264f33305004495a9","hash":"770ce88da761944b1a22f34ccee0d841f18d1a4b"}
,"C:\\Hacktiv8 Bootcamp\\Phase3\\Final Project\\fsjs-t1-final-server\\services\\server1\\controllers\\controller.js": {"path":"C:\\Hacktiv8 Bootcamp\\Phase3\\Final Project\\fsjs-t1-final-server\\services\\server1\\controllers\\controller.js","statementMap":{"0":{"start":{"line":1,"column":22},"end":{"line":1,"column":48}},"1":{"start":{"line":2,"column":15},"end":{"line":2,"column":32}},"2":{"start":{"line":3,"column":24},"end":{"line":3,"column":53}},"3":{"start":{"line":4,"column":15},"end":{"line":4,"column":35}},"4":{"start":{"line":5,"column":19},"end":{"line":5,"column":49}},"5":{"start":{"line":10,"column":4},"end":{"line":41,"column":5}},"6":{"start":{"line":14,"column":8},"end":{"line":14,"column":16}},"7":{"start":{"line":20,"column":19},"end":{"line":20,"column":23}},"8":{"start":{"line":21,"column":6},"end":{"line":24,"column":7}},"9":{"start":{"line":22,"column":19},"end":{"line":22,"column":45}},"10":{"start":{"line":23,"column":8},"end":{"line":23,"column":26}},"11":{"start":{"line":26,"column":20},"end":{"line":35,"column":8}},"12":{"start":{"line":37,"column":6},"end":{"line":37,"column":59}},"13":{"start":{"line":40,"column":6},"end":{"line":40,"column":16}},"14":{"start":{"line":46,"column":4},"end":{"line":79,"column":5}},"15":{"start":{"line":47,"column":6},"end":{"line":47,"column":38}},"16":{"start":{"line":48,"column":32},"end":{"line":48,"column":40}},"17":{"start":{"line":49,"column":6},"end":{"line":51,"column":7}},"18":{"start":{"line":50,"column":8},"end":{"line":50,"column":40}},"19":{"start":{"line":52,"column":6},"end":{"line":54,"column":7}},"20":{"start":{"line":53,"column":8},"end":{"line":53,"column":43}},"21":{"start":{"line":56,"column":19},"end":{"line":58,"column":8}},"22":{"start":{"line":59,"column":6},"end":{"line":62,"column":7}},"23":{"start":{"line":61,"column":8},"end":{"line":61,"column":44}},"24":{"start":{"line":63,"column":6},"end":{"line":63,"column":24}},"25":{"start":{"line":64,"column":6},"end":{"line":75,"column":7}},"26":{"start":{"line":65,"column":29},"end":{"line":65,"column":75}},"27":{"start":{"line":67,"column":8},"end":{"line":72,"column":11}},"28":{"start":{"line":74,"column":8},"end":{"line":74,"column":44}},"29":{"start":{"line":77,"column":6},"end":{"line":77,"column":23}},"30":{"start":{"line":78,"column":6},"end":{"line":78,"column":16}},"31":{"start":{"line":83,"column":4},"end":{"line":118,"column":5}},"32":{"start":{"line":84,"column":23},"end":{"line":84,"column":33}},"33":{"start":{"line":86,"column":8},"end":{"line":86,"column":16}},"34":{"start":{"line":88,"column":18},"end":{"line":88,"column":45}},"35":{"start":{"line":89,"column":6},"end":{"line":91,"column":7}},"36":{"start":{"line":90,"column":8},"end":{"line":90,"column":35}},"37":{"start":{"line":94,"column":19},"end":{"line":94,"column":23}},"38":{"start":{"line":95,"column":6},"end":{"line":98,"column":7}},"39":{"start":{"line":96,"column":19},"end":{"line":96,"column":45}},"40":{"start":{"line":97,"column":8},"end":{"line":97,"column":26}},"41":{"start":{"line":100,"column":20},"end":{"line":113,"column":7}},"42":{"start":{"line":114,"column":6},"end":{"line":114,"column":73}},"43":{"start":{"line":116,"column":6},"end":{"line":116,"column":23}},"44":{"start":{"line":117,"column":6},"end":{"line":117,"column":16}},"45":{"start":{"line":122,"column":4},"end":{"line":135,"column":5}},"46":{"start":{"line":124,"column":23},"end":{"line":124,"column":33}},"47":{"start":{"line":125,"column":17},"end":{"line":125,"column":44}},"48":{"start":{"line":126,"column":6},"end":{"line":128,"column":7}},"49":{"start":{"line":127,"column":8},"end":{"line":127,"column":35}},"50":{"start":{"line":129,"column":6},"end":{"line":129,"column":32}},"51":{"start":{"line":131,"column":6},"end":{"line":131,"column":33}},"52":{"start":{"line":133,"column":6},"end":{"line":133,"column":23}},"53":{"start":{"line":134,"column":6},"end":{"line":134,"column":16}},"54":{"start":{"line":140,"column":4},"end":{"line":165,"column":5}},"55":{"start":{"line":141,"column":19},"end":{"line":141,"column":23}},"56":{"start":{"line":142,"column":6},"end":{"line":145,"column":7}},"57":{"start":{"line":143,"column":19},"end":{"line":143,"column":45}},"58":{"start":{"line":144,"column":21},"end":{"line":144,"column":29}},"59":{"start":{"line":151,"column":18},"end":{"line":160,"column":8}},"60":{"start":{"line":161,"column":6},"end":{"line":161,"column":32}},"61":{"start":{"line":163,"column":6},"end":{"line":163,"column":23}},"62":{"start":{"line":164,"column":6},"end":{"line":164,"column":16}},"63":{"start":{"line":169,"column":4},"end":{"line":187,"column":5}},"64":{"start":{"line":172,"column":17},"end":{"line":172,"column":55}},"65":{"start":{"line":173,"column":6},"end":{"line":175,"column":7}},"66":{"start":{"line":174,"column":8},"end":{"line":174,"column":35}},"67":{"start":{"line":178,"column":18},"end":{"line":182,"column":8}},"68":{"start":{"line":183,"column":6},"end":{"line":183,"column":32}},"69":{"start":{"line":185,"column":6},"end":{"line":185,"column":23}},"70":{"start":{"line":186,"column":6},"end":{"line":186,"column":16}},"71":{"start":{"line":191,"column":4},"end":{"line":205,"column":5}},"72":{"start":{"line":192,"column":18},"end":{"line":197,"column":8}},"73":{"start":{"line":198,"column":6},"end":{"line":200,"column":7}},"74":{"start":{"line":199,"column":8},"end":{"line":199,"column":35}},"75":{"start":{"line":201,"column":6},"end":{"line":201,"column":32}},"76":{"start":{"line":204,"column":6},"end":{"line":204,"column":16}},"77":{"start":{"line":209,"column":4},"end":{"line":243,"column":5}},"78":{"start":{"line":210,"column":19},"end":{"line":210,"column":34}},"79":{"start":{"line":211,"column":6},"end":{"line":215,"column":7}},"80":{"start":{"line":212,"column":19},"end":{"line":212,"column":45}},"81":{"start":{"line":214,"column":21},"end":{"line":214,"column":29}},"82":{"start":{"line":217,"column":18},"end":{"line":217,"column":51}},"83":{"start":{"line":218,"column":6},"end":{"line":220,"column":7}},"84":{"start":{"line":219,"column":8},"end":{"line":219,"column":35}},"85":{"start":{"line":222,"column":25},"end":{"line":237,"column":7}},"86":{"start":{"line":239,"column":6},"end":{"line":239,"column":80}},"87":{"start":{"line":242,"column":6},"end":{"line":242,"column":16}},"88":{"start":{"line":247,"column":4},"end":{"line":263,"column":5}},"89":{"start":{"line":248,"column":18},"end":{"line":248,"column":51}},"90":{"start":{"line":249,"column":6},"end":{"line":251,"column":7}},"91":{"start":{"line":250,"column":8},"end":{"line":250,"column":35}},"92":{"start":{"line":253,"column":6},"end":{"line":257,"column":9}},"93":{"start":{"line":259,"column":6},"end":{"line":259,"column":61}},"94":{"start":{"line":261,"column":6},"end":{"line":261,"column":23}},"95":{"start":{"line":262,"column":6},"end":{"line":262,"column":16}},"96":{"start":{"line":267,"column":0},"end":{"line":267,"column":28}}},"fnMap":{"0":{"name":"(anonymous_0)","decl":{"start":{"line":9,"column":2},"end":{"line":9,"column":3}},"loc":{"start":{"line":9,"column":40},"end":{"line":42,"column":3}},"line":9},"1":{"name":"(anonymous_1)","decl":{"start":{"line":44,"column":2},"end":{"line":44,"column":3}},"loc":{"start":{"line":44,"column":37},"end":{"line":80,"column":3}},"line":44},"2":{"name":"(anonymous_2)","decl":{"start":{"line":82,"column":2},"end":{"line":82,"column":3}},"loc":{"start":{"line":82,"column":39},"end":{"line":119,"column":3}},"line":82},"3":{"name":"(anonymous_3)","decl":{"start":{"line":121,"column":2},"end":{"line":121,"column":3}},"loc":{"start":{"line":121,"column":43},"end":{"line":136,"column":3}},"line":121},"4":{"name":"(anonymous_4)","decl":{"start":{"line":139,"column":2},"end":{"line":139,"column":3}},"loc":{"start":{"line":139,"column":38},"end":{"line":166,"column":3}},"line":139},"5":{"name":"(anonymous_5)","decl":{"start":{"line":168,"column":2},"end":{"line":168,"column":3}},"loc":{"start":{"line":168,"column":43},"end":{"line":188,"column":3}},"line":168},"6":{"name":"(anonymous_6)","decl":{"start":{"line":190,"column":2},"end":{"line":190,"column":3}},"loc":{"start":{"line":190,"column":40},"end":{"line":206,"column":3}},"line":190},"7":{"name":"(anonymous_7)","decl":{"start":{"line":208,"column":2},"end":{"line":208,"column":3}},"loc":{"start":{"line":208,"column":38},"end":{"line":244,"column":3}},"line":208},"8":{"name":"(anonymous_8)","decl":{"start":{"line":246,"column":2},"end":{"line":246,"column":3}},"loc":{"start":{"line":246,"column":41},"end":{"line":264,"column":3}},"line":246}},"branchMap":{"0":{"loc":{"start":{"line":21,"column":6},"end":{"line":24,"column":7}},"type":"if","locations":[{"start":{"line":21,"column":6},"end":{"line":24,"column":7}},{"start":{},"end":{}}],"line":21},"1":{"loc":{"start":{"line":49,"column":6},"end":{"line":51,"column":7}},"type":"if","locations":[{"start":{"line":49,"column":6},"end":{"line":51,"column":7}},{"start":{},"end":{}}],"line":49},"2":{"loc":{"start":{"line":52,"column":6},"end":{"line":54,"column":7}},"type":"if","locations":[{"start":{"line":52,"column":6},"end":{"line":54,"column":7}},{"start":{},"end":{}}],"line":52},"3":{"loc":{"start":{"line":59,"column":6},"end":{"line":62,"column":7}},"type":"if","locations":[{"start":{"line":59,"column":6},"end":{"line":62,"column":7}},{"start":{},"end":{}}],"line":59},"4":{"loc":{"start":{"line":64,"column":6},"end":{"line":75,"column":7}},"type":"if","locations":[{"start":{"line":64,"column":6},"end":{"line":75,"column":7}},{"start":{"line":73,"column":13},"end":{"line":75,"column":7}}],"line":64},"5":{"loc":{"start":{"line":89,"column":6},"end":{"line":91,"column":7}},"type":"if","locations":[{"start":{"line":89,"column":6},"end":{"line":91,"column":7}},{"start":{},"end":{}}],"line":89},"6":{"loc":{"start":{"line":95,"column":6},"end":{"line":98,"column":7}},"type":"if","locations":[{"start":{"line":95,"column":6},"end":{"line":98,"column":7}},{"start":{},"end":{}}],"line":95},"7":{"loc":{"start":{"line":126,"column":6},"end":{"line":128,"column":7}},"type":"if","locations":[{"start":{"line":126,"column":6},"end":{"line":128,"column":7}},{"start":{},"end":{}}],"line":126},"8":{"loc":{"start":{"line":142,"column":6},"end":{"line":145,"column":7}},"type":"if","locations":[{"start":{"line":142,"column":6},"end":{"line":145,"column":7}},{"start":{},"end":{}}],"line":142},"9":{"loc":{"start":{"line":173,"column":6},"end":{"line":175,"column":7}},"type":"if","locations":[{"start":{"line":173,"column":6},"end":{"line":175,"column":7}},{"start":{},"end":{}}],"line":173},"10":{"loc":{"start":{"line":198,"column":6},"end":{"line":200,"column":7}},"type":"if","locations":[{"start":{"line":198,"column":6},"end":{"line":200,"column":7}},{"start":{},"end":{}}],"line":198},"11":{"loc":{"start":{"line":211,"column":6},"end":{"line":215,"column":7}},"type":"if","locations":[{"start":{"line":211,"column":6},"end":{"line":215,"column":7}},{"start":{},"end":{}}],"line":211},"12":{"loc":{"start":{"line":218,"column":6},"end":{"line":220,"column":7}},"type":"if","locations":[{"start":{"line":218,"column":6},"end":{"line":220,"column":7}},{"start":{},"end":{}}],"line":218},"13":{"loc":{"start":{"line":249,"column":6},"end":{"line":251,"column":7}},"type":"if","locations":[{"start":{"line":249,"column":6},"end":{"line":251,"column":7}},{"start":{},"end":{}}],"line":249}},"s":{"0":2,"1":2,"2":2,"3":2,"4":2,"5":10,"6":10,"7":10,"8":10,"9":10,"10":10,"11":10,"12":1,"13":9,"14":5,"15":5,"16":5,"17":5,"18":1,"19":4,"20":1,"21":3,"22":3,"23":1,"24":2,"25":2,"26":1,"27":1,"28":1,"29":4,"30":4,"31":4,"32":4,"33":4,"34":4,"35":4,"36":1,"37":3,"38":3,"39":3,"40":3,"41":3,"42":1,"43":3,"44":3,"45":2,"46":2,"47":2,"48":2,"49":1,"50":1,"51":1,"52":1,"53":1,"54":7,"55":7,"56":7,"57":0,"58":0,"59":7,"60":1,"61":6,"62":6,"63":3,"64":3,"65":3,"66":2,"67":1,"68":1,"69":2,"70":2,"71":1,"72":1,"73":1,"74":0,"75":1,"76":0,"77":2,"78":2,"79":2,"80":0,"81":0,"82":2,"83":2,"84":1,"85":1,"86":1,"87":1,"88":2,"89":2,"90":2,"91":1,"92":1,"93":1,"94":1,"95":1,"96":2},"f":{"0":10,"1":5,"2":4,"3":2,"4":7,"5":3,"6":1,"7":2,"8":2},"b":{"0":[10,0],"1":[1,4],"2":[1,3],"3":[1,2],"4":[1,1],"5":[1,3],"6":[3,0],"7":[1,1],"8":[0,7],"9":[2,1],"10":[0,1],"11":[0,2],"12":[1,1],"13":[1,1]},"_coverageSchema":"1a1c01bbd47fc00a2c39e90264f33305004495a9","hash":"ececd8b5a2ae4e60b90147309937c053588eb4a0"}
,"C:\\Hacktiv8 Bootcamp\\Phase3\\Final Project\\fsjs-t1-final-server\\services\\server1\\helpers\\imageKit.js": {"path":"C:\\Hacktiv8 Bootcamp\\Phase3\\Final Project\\fsjs-t1-final-server\\services\\server1\\helpers\\imageKit.js","statementMap":{"0":{"start":{"line":1,"column":15},"end":{"line":1,"column":35}},"1":{"start":{"line":2,"column":14},"end":{"line":2,"column":30}},"2":{"start":{"line":5,"column":15},"end":{"line":5,"column":29}},"3":{"start":{"line":6,"column":2},"end":{"line":6,"column":70}},"4":{"start":{"line":7,"column":2},"end":{"line":7,"column":46}},"5":{"start":{"line":10,"column":13},"end":{"line":10,"column":27}},"6":{"start":{"line":12,"column":19},"end":{"line":19,"column":4}},"7":{"start":{"line":21,"column":2},"end":{"line":21,"column":13}},"8":{"start":{"line":24,"column":0},"end":{"line":24,"column":27}}},"fnMap":{"0":{"name":"ImageCloud","decl":{"start":{"line":4,"column":15},"end":{"line":4,"column":25}},"loc":{"start":{"line":4,"column":33},"end":{"line":22,"column":1}},"line":4}},"branchMap":{},"s":{"0":2,"1":2,"2":13,"3":13,"4":13,"5":13,"6":13,"7":13,"8":2},"f":{"0":13},"b":{},"_coverageSchema":"1a1c01bbd47fc00a2c39e90264f33305004495a9","hash":"cc07f31c7c4522c9d7fc3bab8ffae24eea346e35"}
,"C:\\Hacktiv8 Bootcamp\\Phase3\\Final Project\\fsjs-t1-final-server\\services\\server1\\helpers\\multer.js": {"path":"C:\\Hacktiv8 Bootcamp\\Phase3\\Final Project\\fsjs-t1-final-server\\services\\server1\\helpers\\multer.js","statementMap":{"0":{"start":{"line":1,"column":15},"end":{"line":1,"column":32}},"1":{"start":{"line":2,"column":11},"end":{"line":2,"column":26}},"2":{"start":{"line":4,"column":16},"end":{"line":4,"column":38}},"3":{"start":{"line":5,"column":15},"end":{"line":12,"column":2}},"4":{"start":{"line":9,"column":14},"end":{"line":9,"column":45}},"5":{"start":{"line":10,"column":4},"end":{"line":10,"column":19}},"6":{"start":{"line":14,"column":0},"end":{"line":14,"column":24}}},"fnMap":{"0":{"name":"(anonymous_0)","decl":{"start":{"line":7,"column":14},"end":{"line":7,"column":15}},"loc":{"start":{"line":7,"column":39},"end":{"line":11,"column":3}},"line":7}},"branchMap":{},"s":{"0":2,"1":2,"2":2,"3":2,"4":14,"5":14,"6":2},"f":{"0":14},"b":{},"_coverageSchema":"1a1c01bbd47fc00a2c39e90264f33305004495a9","hash":"1ae1f552876064207862500f20b91eb99baeccd7"}
,"C:\\Hacktiv8 Bootcamp\\Phase3\\Final Project\\fsjs-t1-final-server\\services\\server1\\library\\seedPet.js": {"path":"C:\\Hacktiv8 Bootcamp\\Phase3\\Final Project\\fsjs-t1-final-server\\services\\server1\\library\\seedPet.js","statementMap":{"0":{"start":{"line":1,"column":16},"end":{"line":1,"column":36}},"1":{"start":{"line":2,"column":11},"end":{"line":2,"column":31}},"2":{"start":{"line":3,"column":23},"end":{"line":3,"column":55}},"3":{"start":{"line":7,"column":4},"end":{"line":24,"column":5}},"4":{"start":{"line":8,"column":4},"end":{"line":8,"column":102}},"5":{"start":{"line":13,"column":4},"end":{"line":13,"column":40}},"6":{"start":{"line":14,"column":15},"end":{"line":14,"column":42}},"7":{"start":{"line":15,"column":4},"end":{"line":18,"column":6}},"8":{"start":{"line":16,"column":8},"end":{"line":17,"column":33}},"9":{"start":{"line":19,"column":4},"end":{"line":19,"column":33}},"10":{"start":{"line":20,"column":4},"end":{"line":20,"column":30}},"11":{"start":{"line":23,"column":8},"end":{"line":23,"column":49}},"12":{"start":{"line":27,"column":0},"end":{"line":27,"column":30}}},"fnMap":{"0":{"name":"bulkInsertPet","decl":{"start":{"line":6,"column":15},"end":{"line":6,"column":28}},"loc":{"start":{"line":6,"column":31},"end":{"line":25,"column":1}},"line":6},"1":{"name":"(anonymous_1)","decl":{"start":{"line":15,"column":17},"end":{"line":15,"column":18}},"loc":{"start":{"line":15,"column":23},"end":{"line":18,"column":5}},"line":15}},"branchMap":{},"s":{"0":1,"1":1,"2":1,"3":1,"4":1,"5":1,"6":1,"7":1,"8":3,"9":1,"10":1,"11":0,"12":1},"f":{"0":1,"1":3},"b":{},"_coverageSchema":"1a1c01bbd47fc00a2c39e90264f33305004495a9","hash":"5420d8d8b5e63632ed00fb0ce86028fd21f16e28"}
,"C:\\Hacktiv8 Bootcamp\\Phase3\\Final Project\\fsjs-t1-final-server\\services\\server1\\library\\seedUser.js": {"path":"C:\\Hacktiv8 Bootcamp\\Phase3\\Final Project\\fsjs-t1-final-server\\services\\server1\\library\\seedUser.js","statementMap":{"0":{"start":{"line":1,"column":17},"end":{"line":1,"column":37}},"1":{"start":{"line":2,"column":11},"end":{"line":2,"column":31}},"2":{"start":{"line":3,"column":23},"end":{"line":3,"column":55}},"3":{"start":{"line":4,"column":15},"end":{"line":4,"column":32}},"4":{"start":{"line":7,"column":4},"end":{"line":21,"column":5}},"5":{"start":{"line":8,"column":4},"end":{"line":8,"column":103}},"6":{"start":{"line":11,"column":15},"end":{"line":11,"column":43}},"7":{"start":{"line":12,"column":4},"end":{"line":16,"column":6}},"8":{"start":{"line":13,"column":8},"end":{"line":13,"column":54}},"9":{"start":{"line":14,"column":8},"end":{"line":15,"column":33}},"10":{"start":{"line":18,"column":4},"end":{"line":18,"column":31}},"11":{"start":{"line":20,"column":8},"end":{"line":20,"column":49}},"12":{"start":{"line":24,"column":0},"end":{"line":24,"column":31}}},"fnMap":{"0":{"name":"bulkInsertUser","decl":{"start":{"line":6,"column":15},"end":{"line":6,"column":29}},"loc":{"start":{"line":6,"column":32},"end":{"line":22,"column":1}},"line":6},"1":{"name":"(anonymous_1)","decl":{"start":{"line":12,"column":17},"end":{"line":12,"column":18}},"loc":{"start":{"line":12,"column":23},"end":{"line":16,"column":5}},"line":12}},"branchMap":{},"s":{"0":1,"1":1,"2":1,"3":1,"4":1,"5":1,"6":1,"7":1,"8":5,"9":5,"10":1,"11":0,"12":1},"f":{"0":1,"1":5},"b":{},"_coverageSchema":"1a1c01bbd47fc00a2c39e90264f33305004495a9","hash":"881ed611cc692b79173bedaf6be3463aafe81ae1"}
,"C:\\Hacktiv8 Bootcamp\\Phase3\\Final Project\\fsjs-t1-final-server\\services\\server1\\middlewares\\authentication.js": {"path":"C:\\Hacktiv8 Bootcamp\\Phase3\\Final Project\\fsjs-t1-final-server\\services\\server1\\middlewares\\authentication.js","statementMap":{"0":{"start":{"line":1,"column":16},"end":{"line":1,"column":34}},"1":{"start":{"line":2,"column":12},"end":{"line":2,"column":21}},"2":{"start":{"line":3,"column":17},"end":{"line":3,"column":43}},"3":{"start":{"line":4,"column":35},"end":{"line":4,"column":64}},"4":{"start":{"line":5,"column":0},"end":{"line":5,"column":47}},"5":{"start":{"line":6,"column":0},"end":{"line":6,"column":23}},"6":{"start":{"line":10,"column":4},"end":{"line":34,"column":7}},"7":{"start":{"line":11,"column":27},"end":{"line":11,"column":51}},"8":{"start":{"line":12,"column":8},"end":{"line":14,"column":9}},"9":{"start":{"line":13,"column":10},"end":{"line":13,"column":40}},"10":{"start":{"line":16,"column":22},"end":{"line":16,"column":47}},"11":{"start":{"line":19,"column":21},"end":{"line":19,"column":56}},"12":{"start":{"line":21,"column":8},"end":{"line":23,"column":9}},"13":{"start":{"line":22,"column":10},"end":{"line":22,"column":40}},"14":{"start":{"line":24,"column":8},"end":{"line":28,"column":9}},"15":{"start":{"line":30,"column":8},"end":{"line":30,"column":14}},"16":{"start":{"line":32,"column":8},"end":{"line":32,"column":24}},"17":{"start":{"line":33,"column":8},"end":{"line":33,"column":17}},"18":{"start":{"line":38,"column":0},"end":{"line":38,"column":31}}},"fnMap":{"0":{"name":"authentication","decl":{"start":{"line":9,"column":15},"end":{"line":9,"column":29}},"loc":{"start":{"line":9,"column":46},"end":{"line":35,"column":1}},"line":9}},"branchMap":{"0":{"loc":{"start":{"line":12,"column":8},"end":{"line":14,"column":9}},"type":"if","locations":[{"start":{"line":12,"column":8},"end":{"line":14,"column":9}},{"start":{},"end":{}}],"line":12},"1":{"loc":{"start":{"line":21,"column":8},"end":{"line":23,"column":9}},"type":"if","locations":[{"start":{"line":21,"column":8},"end":{"line":23,"column":9}},{"start":{},"end":{}}],"line":21}},"s":{"0":2,"1":2,"2":2,"3":2,"4":2,"5":2,"6":24,"7":24,"8":24,"9":3,"10":21,"11":21,"12":21,"13":0,"14":21,"15":21,"16":3,"17":3,"18":2},"f":{"0":24},"b":{"0":[3,21],"1":[0,21]},"_coverageSchema":"1a1c01bbd47fc00a2c39e90264f33305004495a9","hash":"6d1bfd55c4579dc8e715f845c4343b9e36ef89ac"}
,"C:\\Hacktiv8 Bootcamp\\Phase3\\Final Project\\fsjs-t1-final-server\\services\\server1\\middlewares\\errorHandler.js": {"path":"C:\\Hacktiv8 Bootcamp\\Phase3\\Final Project\\fsjs-t1-final-server\\services\\server1\\middlewares\\errorHandler.js","statementMap":{"0":{"start":{"line":1,"column":16},"end":{"line":1,"column":34}},"1":{"start":{"line":2,"column":12},"end":{"line":2,"column":21}},"2":{"start":{"line":3,"column":0},"end":{"line":3,"column":24}},"3":{"start":{"line":4,"column":0},"end":{"line":4,"column":48}},"4":{"start":{"line":7,"column":2},"end":{"line":27,"column":3}},"5":{"start":{"line":8,"column":4},"end":{"line":8,"column":60}},"6":{"start":{"line":9,"column":9},"end":{"line":27,"column":3}},"7":{"start":{"line":10,"column":4},"end":{"line":10,"column":61}},"8":{"start":{"line":11,"column":9},"end":{"line":27,"column":3}},"9":{"start":{"line":12,"column":4},"end":{"line":12,"column":55}},"10":{"start":{"line":13,"column":9},"end":{"line":27,"column":3}},"11":{"start":{"line":14,"column":4},"end":{"line":14,"column":61}},"12":{"start":{"line":15,"column":9},"end":{"line":27,"column":3}},"13":{"start":{"line":16,"column":4},"end":{"line":16,"column":65}},"14":{"start":{"line":17,"column":9},"end":{"line":27,"column":3}},"15":{"start":{"line":18,"column":4},"end":{"line":18,"column":59}},"16":{"start":{"line":19,"column":9},"end":{"line":27,"column":3}},"17":{"start":{"line":20,"column":4},"end":{"line":20,"column":62}},"18":{"start":{"line":21,"column":9},"end":{"line":27,"column":3}},"19":{"start":{"line":22,"column":4},"end":{"line":22,"column":55}},"20":{"start":{"line":23,"column":9},"end":{"line":27,"column":3}},"21":{"start":{"line":24,"column":4},"end":{"line":24,"column":64}},"22":{"start":{"line":26,"column":4},"end":{"line":26,"column":63}},"23":{"start":{"line":30,"column":0},"end":{"line":30,"column":30}}},"fnMap":{"0":{"name":"errorHandler","decl":{"start":{"line":6,"column":15},"end":{"line":6,"column":27}},"loc":{"start":{"line":6,"column":49},"end":{"line":28,"column":1}},"line":6}},"branchMap":{"0":{"loc":{"start":{"line":7,"column":2},"end":{"line":27,"column":3}},"type":"if","locations":[{"start":{"line":7,"column":2},"end":{"line":27,"column":3}},{"start":{"line":9,"column":9},"end":{"line":27,"column":3}}],"line":7},"1":{"loc":{"start":{"line":9,"column":9},"end":{"line":27,"column":3}},"type":"if","locations":[{"start":{"line":9,"column":9},"end":{"line":27,"column":3}},{"start":{"line":11,"column":9},"end":{"line":27,"column":3}}],"line":9},"2":{"loc":{"start":{"line":11,"column":9},"end":{"line":27,"column":3}},"type":"if","locations":[{"start":{"line":11,"column":9},"end":{"line":27,"column":3}},{"start":{"line":13,"column":9},"end":{"line":27,"column":3}}],"line":11},"3":{"loc":{"start":{"line":13,"column":9},"end":{"line":27,"column":3}},"type":"if","locations":[{"start":{"line":13,"column":9},"end":{"line":27,"column":3}},{"start":{"line":15,"column":9},"end":{"line":27,"column":3}}],"line":13},"4":{"loc":{"start":{"line":15,"column":9},"end":{"line":27,"column":3}},"type":"if","locations":[{"start":{"line":15,"column":9},"end":{"line":27,"column":3}},{"start":{"line":17,"column":9},"end":{"line":27,"column":3}}],"line":15},"5":{"loc":{"start":{"line":17,"column":9},"end":{"line":27,"column":3}},"type":"if","locations":[{"start":{"line":17,"column":9},"end":{"line":27,"column":3}},{"start":{"line":19,"column":9},"end":{"line":27,"column":3}}],"line":17},"6":{"loc":{"start":{"line":19,"column":9},"end":{"line":27,"column":3}},"type":"if","locations":[{"start":{"line":19,"column":9},"end":{"line":27,"column":3}},{"start":{"line":21,"column":9},"end":{"line":27,"column":3}}],"line":19},"7":{"loc":{"start":{"line":21,"column":9},"end":{"line":27,"column":3}},"type":"if","locations":[{"start":{"line":21,"column":9},"end":{"line":27,"column":3}},{"start":{"line":23,"column":9},"end":{"line":27,"column":3}}],"line":21},"8":{"loc":{"start":{"line":23,"column":9},"end":{"line":27,"column":3}},"type":"if","locations":[{"start":{"line":23,"column":9},"end":{"line":27,"column":3}},{"start":{"line":25,"column":9},"end":{"line":27,"column":3}}],"line":23}},"s":{"0":2,"1":2,"2":2,"3":2,"4":30,"5":6,"6":24,"7":13,"8":11,"9":0,"10":11,"11":4,"12":7,"13":2,"14":5,"15":1,"16":4,"17":1,"18":3,"19":3,"20":0,"21":0,"22":0,"23":2},"f":{"0":30},"b":{"0":[6,24],"1":[13,11],"2":[0,11],"3":[4,7],"4":[2,5],"5":[1,4],"6":[1,3],"7":[3,0],"8":[0,0]},"_coverageSchema":"1a1c01bbd47fc00a2c39e90264f33305004495a9","hash":"5dc629733cf9d4575fe2ae9852a223df9ce9e4ca"}
,"C:\\Hacktiv8 Bootcamp\\Phase3\\Final Project\\fsjs-t1-final-server\\services\\server1\\middlewares\\jwt.js": {"path":"C:\\Hacktiv8 Bootcamp\\Phase3\\Final Project\\fsjs-t1-final-server\\services\\server1\\middlewares\\jwt.js","statementMap":{"0":{"start":{"line":1,"column":12},"end":{"line":1,"column":35}},"1":{"start":{"line":2,"column":15},"end":{"line":2,"column":33}},"2":{"start":{"line":5,"column":4},"end":{"line":5,"column":36}},"3":{"start":{"line":9,"column":4},"end":{"line":9,"column":36}},"4":{"start":{"line":12,"column":0},"end":{"line":12,"column":43}}},"fnMap":{"0":{"name":"createToken","decl":{"start":{"line":4,"column":9},"end":{"line":4,"column":20}},"loc":{"start":{"line":4,"column":31},"end":{"line":6,"column":1}},"line":4},"1":{"name":"decodeToken","decl":{"start":{"line":8,"column":9},"end":{"line":8,"column":20}},"loc":{"start":{"line":8,"column":29},"end":{"line":10,"column":1}},"line":8}},"branchMap":{},"s":{"0":2,"1":2,"2":3,"3":21,"4":2},"f":{"0":3,"1":21},"b":{},"_coverageSchema":"1a1c01bbd47fc00a2c39e90264f33305004495a9","hash":"f4976ac4b7984f9178e9d7b5bc5688a7debe632d"}
,"C:\\Hacktiv8 Bootcamp\\Phase3\\Final Project\\fsjs-t1-final-server\\services\\server1\\models\\index.js": {"path":"C:\\Hacktiv8 Bootcamp\\Phase3\\Final Project\\fsjs-t1-final-server\\services\\server1\\models\\index.js","statementMap":{"0":{"start":{"line":3,"column":11},"end":{"line":3,"column":24}},"1":{"start":{"line":4,"column":13},"end":{"line":4,"column":28}},"2":{"start":{"line":5,"column":18},"end":{"line":5,"column":38}},"3":{"start":{"line":6,"column":16},"end":{"line":6,"column":34}},"4":{"start":{"line":7,"column":17},"end":{"line":7,"column":42}},"5":{"start":{"line":8,"column":12},"end":{"line":8,"column":49}},"6":{"start":{"line":9,"column":15},"end":{"line":9,"column":65}},"7":{"start":{"line":10,"column":11},"end":{"line":10,"column":13}},"8":{"start":{"line":13,"column":0},"end":{"line":17,"column":1}},"9":{"start":{"line":14,"column":2},"end":{"line":14,"column":74}},"10":{"start":{"line":16,"column":2},"end":{"line":16,"column":87}},"11":{"start":{"line":19,"column":0},"end":{"line":32,"column":5}},"12":{"start":{"line":22,"column":4},"end":{"line":27,"column":6}},"13":{"start":{"line":30,"column":18},"end":{"line":30,"column":85}},"14":{"start":{"line":31,"column":4},"end":{"line":31,"column":27}},"15":{"start":{"line":34,"column":0},"end":{"line":38,"column":3}},"16":{"start":{"line":35,"column":2},"end":{"line":37,"column":3}},"17":{"start":{"line":36,"column":4},"end":{"line":36,"column":32}},"18":{"start":{"line":40,"column":0},"end":{"line":40,"column":25}},"19":{"start":{"line":41,"column":0},"end":{"line":41,"column":25}},"20":{"start":{"line":43,"column":0},"end":{"line":43,"column":20}}},"fnMap":{"0":{"name":"(anonymous_0)","decl":{"start":{"line":21,"column":10},"end":{"line":21,"column":11}},"loc":{"start":{"line":21,"column":18},"end":{"line":28,"column":3}},"line":21},"1":{"name":"(anonymous_1)","decl":{"start":{"line":29,"column":11},"end":{"line":29,"column":12}},"loc":{"start":{"line":29,"column":19},"end":{"line":32,"column":3}},"line":29},"2":{"name":"(anonymous_2)","decl":{"start":{"line":34,"column":24},"end":{"line":34,"column":25}},"loc":{"start":{"line":34,"column":37},"end":{"line":38,"column":1}},"line":34}},"branchMap":{"0":{"loc":{"start":{"line":8,"column":12},"end":{"line":8,"column":49}},"type":"binary-expr","locations":[{"start":{"line":8,"column":12},"end":{"line":8,"column":32}},{"start":{"line":8,"column":36},"end":{"line":8,"column":49}}],"line":8},"1":{"loc":{"start":{"line":13,"column":0},"end":{"line":17,"column":1}},"type":"if","locations":[{"start":{"line":13,"column":0},"end":{"line":17,"column":1}},{"start":{"line":15,"column":7},"end":{"line":17,"column":1}}],"line":13},"2":{"loc":{"start":{"line":23,"column":6},"end":{"line":26,"column":37}},"type":"binary-expr","locations":[{"start":{"line":23,"column":6},"end":{"line":23,"column":29}},{"start":{"line":24,"column":6},"end":{"line":24,"column":23}},{"start":{"line":25,"column":6},"end":{"line":25,"column":30}},{"start":{"line":26,"column":6},"end":{"line":26,"column":37}}],"line":23},"3":{"loc":{"start":{"line":35,"column":2},"end":{"line":37,"column":3}},"type":"if","locations":[{"start":{"line":35,"column":2},"end":{"line":37,"column":3}},{"start":{},"end":{}}],"line":35}},"s":{"0":2,"1":2,"2":2,"3":2,"4":2,"5":2,"6":2,"7":2,"8":2,"9":0,"10":2,"11":2,"12":6,"13":4,"14":4,"15":2,"16":4,"17":4,"18":2,"19":2,"20":2},"f":{"0":6,"1":4,"2":4},"b":{"0":[2,0],"1":[0,2],"2":[6,6,4,4],"3":[4,0]},"_coverageSchema":"1a1c01bbd47fc00a2c39e90264f33305004495a9","hash":"4c27b2f9ade572cc8ad02909ba6bd92dfe452883"}
,"C:\\Hacktiv8 Bootcamp\\Phase3\\Final Project\\fsjs-t1-final-server\\services\\server1\\models\\pet.js": {"path":"C:\\Hacktiv8 Bootcamp\\Phase3\\Final Project\\fsjs-t1-final-server\\services\\server1\\models\\pet.js","statementMap":{"0":{"start":{"line":2,"column":18},"end":{"line":2,"column":38}},"1":{"start":{"line":3,"column":0},"end":{"line":81,"column":2}},"2":{"start":{"line":12,"column":6},"end":{"line":12,"column":56}},"3":{"start":{"line":15,"column":2},"end":{"line":79,"column":4}},"4":{"start":{"line":80,"column":2},"end":{"line":80,"column":13}}},"fnMap":{"0":{"name":"(anonymous_0)","decl":{"start":{"line":3,"column":17},"end":{"line":3,"column":18}},"loc":{"start":{"line":3,"column":43},"end":{"line":81,"column":1}},"line":3},"1":{"name":"(anonymous_1)","decl":{"start":{"line":10,"column":4},"end":{"line":10,"column":5}},"loc":{"start":{"line":10,"column":29},"end":{"line":13,"column":5}},"line":10}},"branchMap":{},"s":{"0":2,"1":2,"2":2,"3":2,"4":2},"f":{"0":2,"1":2},"b":{},"_coverageSchema":"1a1c01bbd47fc00a2c39e90264f33305004495a9","hash":"e3343c28c6db173d5479cf2d63d70a95a5117692"}
,"C:\\Hacktiv8 Bootcamp\\Phase3\\Final Project\\fsjs-t1-final-server\\services\\server1\\models\\user.js": {"path":"C:\\Hacktiv8 Bootcamp\\Phase3\\Final Project\\fsjs-t1-final-server\\services\\server1\\models\\user.js","statementMap":{"0":{"start":{"line":2,"column":15},"end":{"line":2,"column":32}},"1":{"start":{"line":3,"column":18},"end":{"line":3,"column":38}},"2":{"start":{"line":4,"column":0},"end":{"line":96,"column":2}},"3":{"start":{"line":13,"column":6},"end":{"line":13,"column":57}},"4":{"start":{"line":16,"column":2},"end":{"line":90,"column":4}},"5":{"start":{"line":91,"column":2},"end":{"line":94,"column":5}},"6":{"start":{"line":92,"column":27},"end":{"line":92,"column":61}},"7":{"start":{"line":93,"column":4},"end":{"line":93,"column":35}},"8":{"start":{"line":95,"column":2},"end":{"line":95,"column":14}}},"fnMap":{"0":{"name":"(anonymous_0)","decl":{"start":{"line":4,"column":17},"end":{"line":4,"column":18}},"loc":{"start":{"line":4,"column":43},"end":{"line":96,"column":1}},"line":4},"1":{"name":"(anonymous_1)","decl":{"start":{"line":11,"column":4},"end":{"line":11,"column":5}},"loc":{"start":{"line":11,"column":29},"end":{"line":14,"column":5}},"line":11},"2":{"name":"(anonymous_2)","decl":{"start":{"line":91,"column":20},"end":{"line":91,"column":21}},"loc":{"start":{"line":91,"column":45},"end":{"line":94,"column":3}},"line":91}},"branchMap":{},"s":{"0":2,"1":2,"2":2,"3":2,"4":2,"5":2,"6":3,"7":3,"8":2},"f":{"0":2,"1":2,"2":3},"b":{},"_coverageSchema":"1a1c01bbd47fc00a2c39e90264f33305004495a9","hash":"df1cdbafc9c6fb2cf60e75e57e3e00016f79d97a"}
}
