TN:
SF:app.js
FNF:0
FNH:0
DA:1,2
DA:2,2
DA:5,2
DA:6,2
DA:7,2
DA:8,2
DA:9,2
DA:10,2
DA:11,2
DA:12,2
DA:16,2
DA:17,2
DA:18,2
DA:20,2
DA:21,2
DA:24,2
DA:25,2
DA:26,2
DA:27,2
DA:28,2
DA:29,2
DA:30,2
DA:31,2
DA:33,2
DA:38,2
LF:25
LH:25
BRDA:1,0,0,2
BRDA:1,0,1,0
BRDA:8,1,0,2
BRDA:8,1,1,2
BRF:4
BRH:3
end_of_record
TN:
SF:controllers\controller.js
FN:9,(anonymous_0)
FN:44,(anonymous_1)
FN:82,(anonymous_2)
FN:121,(anonymous_3)
FN:139,(anonymous_4)
FN:168,(anonymous_5)
FN:190,(anonymous_6)
FN:208,(anonymous_7)
FN:246,(anonymous_8)
FNF:9
FNH:9
FNDA:10,(anonymous_0)
FNDA:5,(anonymous_1)
FNDA:4,(anonymous_2)
FNDA:2,(anonymous_3)
FNDA:7,(anonymous_4)
FNDA:3,(anonymous_5)
FNDA:1,(anonymous_6)
FNDA:2,(anonymous_7)
FNDA:2,(anonymous_8)
DA:1,2
DA:2,2
DA:3,2
DA:4,2
DA:5,2
DA:10,10
DA:14,10
DA:20,10
DA:21,10
DA:22,10
DA:23,10
DA:26,10
DA:37,1
DA:40,9
DA:46,5
DA:47,5
DA:48,5
DA:49,5
DA:50,1
DA:52,4
DA:53,1
DA:56,3
DA:59,3
DA:61,1
DA:63,2
DA:64,2
DA:65,1
DA:67,1
DA:74,1
DA:77,4
DA:78,4
DA:83,4
DA:84,4
DA:86,4
DA:88,4
DA:89,4
DA:90,1
DA:94,3
DA:95,3
DA:96,3
DA:97,3
DA:100,3
DA:114,1
DA:116,3
DA:117,3
DA:122,2
DA:124,2
DA:125,2
DA:126,2
DA:127,1
DA:129,1
DA:131,1
DA:133,1
DA:134,1
DA:140,7
DA:141,7
DA:142,7
DA:143,0
DA:144,0
DA:151,7
DA:161,1
DA:163,6
DA:164,6
DA:169,3
DA:172,3
DA:173,3
DA:174,2
DA:178,1
DA:183,1
DA:185,2
DA:186,2
DA:191,1
DA:192,1
DA:198,1
DA:199,0
DA:201,1
DA:204,0
DA:209,2
DA:210,2
DA:211,2
DA:212,0
DA:214,0
DA:217,2
DA:218,2
DA:219,1
DA:222,1
DA:239,1
DA:242,1
DA:247,2
DA:248,2
DA:249,2
DA:250,1
DA:253,1
DA:259,1
DA:261,1
DA:262,1
DA:267,2
LF:97
LH:91
BRDA:21,0,0,10
BRDA:21,0,1,0
BRDA:49,1,0,1
BRDA:49,1,1,4
BRDA:52,2,0,1
BRDA:52,2,1,3
BRDA:59,3,0,1
BRDA:59,3,1,2
BRDA:64,4,0,1
BRDA:64,4,1,1
BRDA:89,5,0,1
BRDA:89,5,1,3
BRDA:95,6,0,3
BRDA:95,6,1,0
BRDA:126,7,0,1
BRDA:126,7,1,1
BRDA:142,8,0,0
BRDA:142,8,1,7
BRDA:173,9,0,2
BRDA:173,9,1,1
BRDA:198,10,0,0
BRDA:198,10,1,1
BRDA:211,11,0,0
BRDA:211,11,1,2
BRDA:218,12,0,1
BRDA:218,12,1,1
BRDA:249,13,0,1
BRDA:249,13,1,1
BRF:28
BRH:23
end_of_record
TN:
SF:helpers\imageKit.js
FN:4,ImageCloud
FNF:1
FNH:1
FNDA:13,ImageCloud
DA:1,2
DA:2,2
DA:5,13
DA:6,13
DA:7,13
DA:10,13
DA:12,13
DA:21,13
DA:24,2
LF:9
LH:9
BRF:0
BRH:0
end_of_record
TN:
SF:helpers\multer.js
FN:7,(anonymous_0)
FNF:1
FNH:1
FNDA:14,(anonymous_0)
DA:1,2
DA:2,2
DA:4,2
DA:5,2
DA:9,14
DA:10,14
DA:14,2
LF:7
LH:7
BRF:0
BRH:0
end_of_record
TN:
SF:library\seedPet.js
FN:6,bulkInsertPet
FN:15,(anonymous_1)
FNF:2
FNH:2
FNDA:1,bulkInsertPet
FNDA:3,(anonymous_1)
DA:1,1
DA:2,1
DA:3,1
DA:7,1
DA:8,1
DA:13,1
DA:14,1
DA:15,1
DA:16,3
DA:19,1
DA:20,1
DA:23,0
DA:27,1
LF:13
LH:12
BRF:0
BRH:0
end_of_record
TN:
SF:library\seedUser.js
FN:6,bulkInsertUser
FN:12,(anonymous_1)
FNF:2
FNH:2
FNDA:1,bulkInsertUser
FNDA:5,(anonymous_1)
DA:1,1
DA:2,1
DA:3,1
DA:4,1
DA:7,1
DA:8,1
DA:11,1
DA:12,1
DA:13,5
DA:14,5
DA:18,1
DA:20,0
DA:24,1
LF:13
LH:12
BRF:0
BRH:0
end_of_record
TN:
SF:middlewares\authentication.js
FN:9,authentication
FNF:1
FNH:1
FNDA:24,authentication
DA:1,2
DA:2,2
DA:3,2
DA:4,2
DA:5,2
DA:6,2
DA:10,24
DA:11,24
DA:12,24
DA:13,3
DA:16,21
DA:19,21
DA:21,21
DA:22,0
DA:24,21
DA:30,21
DA:32,3
DA:33,3
DA:38,2
LF:19
LH:18
BRDA:12,0,0,3
BRDA:12,0,1,21
BRDA:21,1,0,0
BRDA:21,1,1,21
BRF:4
BRH:3
end_of_record
TN:
SF:middlewares\errorHandler.js
FN:6,errorHandler
FNF:1
FNH:1
FNDA:30,errorHandler
DA:1,2
DA:2,2
DA:3,2
DA:4,2
DA:7,30
DA:8,6
DA:9,24
DA:10,13
DA:11,11
DA:12,0
DA:13,11
DA:14,4
DA:15,7
DA:16,2
DA:17,5
DA:18,1
DA:19,4
DA:20,1
DA:21,3
DA:22,3
DA:23,0
DA:24,0
DA:26,0
DA:30,2
LF:24
LH:20
BRDA:7,0,0,6
BRDA:7,0,1,24
BRDA:9,1,0,13
BRDA:9,1,1,11
BRDA:11,2,0,0
BRDA:11,2,1,11
BRDA:13,3,0,4
BRDA:13,3,1,7
BRDA:15,4,0,2
BRDA:15,4,1,5
BRDA:17,5,0,1
BRDA:17,5,1,4
BRDA:19,6,0,1
BRDA:19,6,1,3
BRDA:21,7,0,3
BRDA:21,7,1,0
BRDA:23,8,0,0
BRDA:23,8,1,0
BRF:18
BRH:14
end_of_record
TN:
SF:middlewares\jwt.js
FN:4,createToken
FN:8,decodeToken
FNF:2
FNH:2
FNDA:3,createToken
FNDA:21,decodeToken
DA:1,2
DA:2,2
DA:5,3
DA:9,21
DA:12,2
LF:5
LH:5
BRF:0
BRH:0
end_of_record
TN:
SF:models\index.js
FN:21,(anonymous_0)
FN:29,(anonymous_1)
FN:34,(anonymous_2)
FNF:3
FNH:3
FNDA:6,(anonymous_0)
FNDA:4,(anonymous_1)
FNDA:4,(anonymous_2)
DA:3,2
DA:4,2
DA:5,2
DA:6,2
DA:7,2
DA:8,2
DA:9,2
DA:10,2
DA:13,2
DA:14,0
DA:16,2
DA:19,2
DA:22,6
DA:30,4
DA:31,4
DA:34,2
DA:35,4
DA:36,4
DA:40,2
DA:41,2
DA:43,2
LF:21
LH:20
BRDA:8,0,0,2
BRDA:8,0,1,0
BRDA:13,1,0,0
BRDA:13,1,1,2
BRDA:23,2,0,6
BRDA:23,2,1,6
BRDA:23,2,2,4
BRDA:23,2,3,4
BRDA:35,3,0,4
BRDA:35,3,1,0
BRF:10
BRH:7
end_of_record
TN:
SF:models\pet.js
FN:3,(anonymous_0)
FN:10,(anonymous_1)
FNF:2
FNH:2
FNDA:2,(anonymous_0)
FNDA:2,(anonymous_1)
DA:2,2
DA:3,2
DA:12,2
DA:15,2
DA:80,2
LF:5
LH:5
BRF:0
BRH:0
end_of_record
TN:
SF:models\user.js
FN:4,(anonymous_0)
FN:11,(anonymous_1)
FN:91,(anonymous_2)
FNF:3
FNH:3
FNDA:2,(anonymous_0)
FNDA:2,(anonymous_1)
FNDA:3,(anonymous_2)
DA:2,2
DA:3,2
DA:4,2
DA:13,2
DA:16,2
DA:91,2
DA:92,3
DA:93,3
DA:95,2
LF:9
LH:9
BRF:0
BRH:0
end_of_record
