{"C:\\Hacktiv8 Bootcamp\\Phase3\\Final Project\\fsjs-t1-final-server\\services\\server2\\app.js": {"path":"C:\\Hacktiv8 Bootcamp\\Phase3\\Final Project\\fsjs-t1-final-server\\services\\server2\\app.js","statementMap":{"0":{"start":{"line":1,"column":0},"end":{"line":3,"column":1}},"1":{"start":{"line":2,"column":2},"end":{"line":2,"column":29}},"2":{"start":{"line":5,"column":16},"end":{"line":5,"column":34}},"3":{"start":{"line":6,"column":12},"end":{"line":6,"column":21}},"4":{"start":{"line":7,"column":13},"end":{"line":7,"column":28}},"5":{"start":{"line":8,"column":13},"end":{"line":8,"column":37}},"6":{"start":{"line":10,"column":0},"end":{"line":10,"column":16}},"7":{"start":{"line":11,"column":0},"end":{"line":11,"column":24}},"8":{"start":{"line":12,"column":0},"end":{"line":12,"column":48}},"9":{"start":{"line":14,"column":33},"end":{"line":14,"column":52}},"10":{"start":{"line":15,"column":20},"end":{"line":15,"column":39}},"11":{"start":{"line":16,"column":19},"end":{"line":16,"column":48}},"12":{"start":{"line":17,"column":15},"end":{"line":17,"column":42}},"13":{"start":{"line":18,"column":19},"end":{"line":18,"column":54}},"14":{"start":{"line":19,"column":23},"end":{"line":19,"column":62}},"15":{"start":{"line":20,"column":21},"end":{"line":20,"column":58}},"16":{"start":{"line":26,"column":0},"end":{"line":26,"column":80}},"17":{"start":{"line":27,"column":0},"end":{"line":27,"column":47}},"18":{"start":{"line":28,"column":0},"end":{"line":28,"column":53}},"19":{"start":{"line":29,"column":0},"end":{"line":29,"column":54}},"20":{"start":{"line":30,"column":0},"end":{"line":30,"column":77}},"21":{"start":{"line":33,"column":0},"end":{"line":33,"column":54}},"22":{"start":{"line":34,"column":0},"end":{"line":34,"column":49}},"23":{"start":{"line":35,"column":0},"end":{"line":35,"column":86}},"24":{"start":{"line":37,"column":0},"end":{"line":37,"column":45}},"25":{"start":{"line":40,"column":0},"end":{"line":40,"column":71}},"26":{"start":{"line":41,"column":0},"end":{"line":41,"column":73}},"27":{"start":{"line":42,"column":0},"end":{"line":42,"column":68}},"28":{"start":{"line":43,"column":0},"end":{"line":43,"column":74}},"29":{"start":{"line":46,"column":0},"end":{"line":46,"column":23}},"30":{"start":{"line":49,"column":0},"end":{"line":49,"column":83}},"31":{"start":{"line":50,"column":0},"end":{"line":50,"column":57}},"32":{"start":{"line":51,"column":0},"end":{"line":51,"column":65}},"33":{"start":{"line":52,"column":0},"end":{"line":52,"column":87}},"34":{"start":{"line":53,"column":0},"end":{"line":53,"column":69}},"35":{"start":{"line":57,"column":0},"end":{"line":57,"column":79}},"36":{"start":{"line":58,"column":0},"end":{"line":58,"column":53}},"37":{"start":{"line":59,"column":0},"end":{"line":59,"column":58}},"38":{"start":{"line":60,"column":0},"end":{"line":60,"column":83}},"39":{"start":{"line":61,"column":0},"end":{"line":61,"column":63}},"40":{"start":{"line":64,"column":0},"end":{"line":64,"column":84}},"41":{"start":{"line":65,"column":0},"end":{"line":65,"column":58}},"42":{"start":{"line":66,"column":0},"end":{"line":66,"column":94}},"43":{"start":{"line":67,"column":0},"end":{"line":67,"column":71}},"44":{"start":{"line":72,"column":0},"end":{"line":72,"column":68}},"45":{"start":{"line":73,"column":0},"end":{"line":73,"column":66}},"46":{"start":{"line":74,"column":0},"end":{"line":74,"column":70}},"47":{"start":{"line":80,"column":0},"end":{"line":80,"column":21}},"48":{"start":{"line":86,"column":0},"end":{"line":86,"column":20}}},"fnMap":{},"branchMap":{"0":{"loc":{"start":{"line":1,"column":0},"end":{"line":3,"column":1}},"type":"if","locations":[{"start":{"line":1,"column":0},"end":{"line":3,"column":1}},{"start":{},"end":{}}],"line":1},"1":{"loc":{"start":{"line":8,"column":13},"end":{"line":8,"column":37}},"type":"binary-expr","locations":[{"start":{"line":8,"column":13},"end":{"line":8,"column":29}},{"start":{"line":8,"column":33},"end":{"line":8,"column":37}}],"line":8}},"s":{"0":7,"1":7,"2":7,"3":7,"4":7,"5":7,"6":7,"7":7,"8":7,"9":7,"10":7,"11":7,"12":7,"13":7,"14":7,"15":7,"16":7,"17":7,"18":7,"19":7,"20":7,"21":7,"22":7,"23":7,"24":7,"25":7,"26":7,"27":7,"28":7,"29":7,"30":7,"31":7,"32":7,"33":7,"34":7,"35":7,"36":7,"37":7,"38":7,"39":7,"40":7,"41":7,"42":7,"43":7,"44":7,"45":7,"46":7,"47":7,"48":7},"f":{},"b":{"0":[7,0],"1":[7,7]},"_coverageSchema":"1a1c01bbd47fc00a2c39e90264f33305004495a9","hash":"81172dfeae360ec31d646dcca9d4ddbe3cc73a86"}
,"C:\\Hacktiv8 Bootcamp\\Phase3\\Final Project\\fsjs-t1-final-server\\services\\server2\\controllers\\controller.js": {"path":"C:\\Hacktiv8 Bootcamp\\Phase3\\Final Project\\fsjs-t1-final-server\\services\\server2\\controllers\\controller.js","statementMap":{"0":{"start":{"line":10,"column":4},"end":{"line":10,"column":30}},"1":{"start":{"line":11,"column":33},"end":{"line":11,"column":53}},"2":{"start":{"line":12,"column":15},"end":{"line":12,"column":35}},"3":{"start":{"line":13,"column":19},"end":{"line":13,"column":49}},"4":{"start":{"line":14,"column":15},"end":{"line":14,"column":37}},"5":{"start":{"line":15,"column":19},"end":{"line":15,"column":41}},"6":{"start":{"line":21,"column":4},"end":{"line":47,"column":5}},"7":{"start":{"line":23,"column":8},"end":{"line":23,"column":16}},"8":{"start":{"line":25,"column":17},"end":{"line":25,"column":21}},"9":{"start":{"line":26,"column":6},"end":{"line":29,"column":7}},"10":{"start":{"line":27,"column":19},"end":{"line":27,"column":45}},"11":{"start":{"line":28,"column":8},"end":{"line":28,"column":24}},"12":{"start":{"line":32,"column":20},"end":{"line":42,"column":8}},"13":{"start":{"line":43,"column":6},"end":{"line":43,"column":36}},"14":{"start":{"line":45,"column":6},"end":{"line":45,"column":23}},"15":{"start":{"line":46,"column":6},"end":{"line":46,"column":16}},"16":{"start":{"line":51,"column":4},"end":{"line":86,"column":5}},"17":{"start":{"line":52,"column":64},"end":{"line":52,"column":72}},"18":{"start":{"line":53,"column":26},"end":{"line":53,"column":36}},"19":{"start":{"line":55,"column":17},"end":{"line":55,"column":50}},"20":{"start":{"line":56,"column":6},"end":{"line":58,"column":7}},"21":{"start":{"line":57,"column":8},"end":{"line":57,"column":35}},"22":{"start":{"line":60,"column":17},"end":{"line":60,"column":26}},"23":{"start":{"line":61,"column":6},"end":{"line":64,"column":7}},"24":{"start":{"line":62,"column":19},"end":{"line":62,"column":45}},"25":{"start":{"line":63,"column":9},"end":{"line":63,"column":25}},"26":{"start":{"line":67,"column":23},"end":{"line":81,"column":7}},"27":{"start":{"line":82,"column":6},"end":{"line":82,"column":56}},"28":{"start":{"line":84,"column":6},"end":{"line":84,"column":23}},"29":{"start":{"line":85,"column":6},"end":{"line":85,"column":16}},"30":{"start":{"line":90,"column":4},"end":{"line":119,"column":5}},"31":{"start":{"line":92,"column":42},"end":{"line":92,"column":51}},"32":{"start":{"line":94,"column":6},"end":{"line":94,"column":55}},"33":{"start":{"line":95,"column":18},"end":{"line":101,"column":7}},"34":{"start":{"line":103,"column":6},"end":{"line":105,"column":7}},"35":{"start":{"line":104,"column":8},"end":{"line":104,"column":57}},"36":{"start":{"line":106,"column":6},"end":{"line":110,"column":7}},"37":{"start":{"line":107,"column":8},"end":{"line":109,"column":10}},"38":{"start":{"line":112,"column":6},"end":{"line":112,"column":25}},"39":{"start":{"line":114,"column":18},"end":{"line":114,"column":46}},"40":{"start":{"line":115,"column":6},"end":{"line":115,"column":34}},"41":{"start":{"line":117,"column":6},"end":{"line":117,"column":23}},"42":{"start":{"line":118,"column":6},"end":{"line":118,"column":16}},"43":{"start":{"line":123,"column":4},"end":{"line":141,"column":5}},"44":{"start":{"line":124,"column":23},"end":{"line":124,"column":33}},"45":{"start":{"line":128,"column":6},"end":{"line":128,"column":39}},"46":{"start":{"line":129,"column":17},"end":{"line":132,"column":8}},"47":{"start":{"line":133,"column":6},"end":{"line":135,"column":7}},"48":{"start":{"line":134,"column":8},"end":{"line":134,"column":35}},"49":{"start":{"line":137,"column":6},"end":{"line":137,"column":33}},"50":{"start":{"line":139,"column":6},"end":{"line":139,"column":23}},"51":{"start":{"line":140,"column":6},"end":{"line":140,"column":16}},"52":{"start":{"line":145,"column":4},"end":{"line":185,"column":5}},"53":{"start":{"line":148,"column":23},"end":{"line":148,"column":41}},"54":{"start":{"line":149,"column":19},"end":{"line":149,"column":33}},"55":{"start":{"line":150,"column":18},"end":{"line":150,"column":31}},"56":{"start":{"line":152,"column":21},"end":{"line":178,"column":7}},"57":{"start":{"line":180,"column":6},"end":{"line":180,"column":26}},"58":{"start":{"line":181,"column":6},"end":{"line":181,"column":35}},"59":{"start":{"line":183,"column":6},"end":{"line":183,"column":38}},"60":{"start":{"line":184,"column":6},"end":{"line":184,"column":34}},"61":{"start":{"line":190,"column":4},"end":{"line":207,"column":5}},"62":{"start":{"line":191,"column":22},"end":{"line":191,"column":32}},"63":{"start":{"line":193,"column":19},"end":{"line":201,"column":8}},"64":{"start":{"line":203,"column":6},"end":{"line":203,"column":35}},"65":{"start":{"line":205,"column":6},"end":{"line":205,"column":23}},"66":{"start":{"line":206,"column":6},"end":{"line":206,"column":16}},"67":{"start":{"line":211,"column":4},"end":{"line":226,"column":5}},"68":{"start":{"line":212,"column":65},"end":{"line":212,"column":73}},"69":{"start":{"line":214,"column":22},"end":{"line":220,"column":8}},"70":{"start":{"line":222,"column":6},"end":{"line":222,"column":38}},"71":{"start":{"line":224,"column":6},"end":{"line":224,"column":23}},"72":{"start":{"line":225,"column":6},"end":{"line":225,"column":16}},"73":{"start":{"line":231,"column":4},"end":{"line":253,"column":5}},"74":{"start":{"line":232,"column":38},"end":{"line":232,"column":46}},"75":{"start":{"line":233,"column":32},"end":{"line":233,"column":42}},"76":{"start":{"line":235,"column":6},"end":{"line":235,"column":47}},"77":{"start":{"line":236,"column":21},"end":{"line":236,"column":25}},"78":{"start":{"line":237,"column":6},"end":{"line":240,"column":7}},"79":{"start":{"line":238,"column":19},"end":{"line":238,"column":45}},"80":{"start":{"line":239,"column":8},"end":{"line":239,"column":28}},"81":{"start":{"line":242,"column":19},"end":{"line":247,"column":8}},"82":{"start":{"line":248,"column":6},"end":{"line":248,"column":32}},"83":{"start":{"line":249,"column":6},"end":{"line":249,"column":35}},"84":{"start":{"line":251,"column":6},"end":{"line":251,"column":23}},"85":{"start":{"line":252,"column":6},"end":{"line":252,"column":16}},"86":{"start":{"line":258,"column":4},"end":{"line":298,"column":5}},"87":{"start":{"line":260,"column":47},"end":{"line":260,"column":55}},"88":{"start":{"line":261,"column":16},"end":{"line":263,"column":8}},"89":{"start":{"line":266,"column":20},"end":{"line":266,"column":53}},"90":{"start":{"line":271,"column":26},"end":{"line":271,"column":27}},"91":{"start":{"line":272,"column":16},"end":{"line":272,"column":31}},"92":{"start":{"line":274,"column":20},"end":{"line":286,"column":8}},"93":{"start":{"line":288,"column":6},"end":{"line":288,"column":58}},"94":{"start":{"line":294,"column":6},"end":{"line":294,"column":22}},"95":{"start":{"line":296,"column":6},"end":{"line":296,"column":23}},"96":{"start":{"line":297,"column":6},"end":{"line":297,"column":22}},"97":{"start":{"line":303,"column":4},"end":{"line":335,"column":5}},"98":{"start":{"line":304,"column":34},"end":{"line":304,"column":42}},"99":{"start":{"line":305,"column":36},"end":{"line":305,"column":46}},"100":{"start":{"line":308,"column":18},"end":{"line":316,"column":8}},"101":{"start":{"line":319,"column":6},"end":{"line":321,"column":7}},"102":{"start":{"line":320,"column":8},"end":{"line":320,"column":40}},"103":{"start":{"line":323,"column":21},"end":{"line":329,"column":8}},"104":{"start":{"line":331,"column":6},"end":{"line":331,"column":37}},"105":{"start":{"line":333,"column":6},"end":{"line":333,"column":23}},"106":{"start":{"line":334,"column":6},"end":{"line":334,"column":16}},"107":{"start":{"line":340,"column":4},"end":{"line":358,"column":5}},"108":{"start":{"line":341,"column":36},"end":{"line":341,"column":46}},"109":{"start":{"line":343,"column":18},"end":{"line":348,"column":8}},"110":{"start":{"line":350,"column":6},"end":{"line":352,"column":7}},"111":{"start":{"line":351,"column":8},"end":{"line":351,"column":35}},"112":{"start":{"line":354,"column":6},"end":{"line":354,"column":34}},"113":{"start":{"line":356,"column":6},"end":{"line":356,"column":23}},"114":{"start":{"line":357,"column":6},"end":{"line":357,"column":16}},"115":{"start":{"line":362,"column":4},"end":{"line":388,"column":5}},"116":{"start":{"line":363,"column":34},"end":{"line":363,"column":42}},"117":{"start":{"line":364,"column":33},"end":{"line":364,"column":43}},"118":{"start":{"line":366,"column":18},"end":{"line":366,"column":65}},"119":{"start":{"line":367,"column":6},"end":{"line":369,"column":7}},"120":{"start":{"line":368,"column":8},"end":{"line":368,"column":35}},"121":{"start":{"line":371,"column":24},"end":{"line":382,"column":7}},"122":{"start":{"line":384,"column":6},"end":{"line":384,"column":69}},"123":{"start":{"line":386,"column":6},"end":{"line":386,"column":23}},"124":{"start":{"line":387,"column":6},"end":{"line":387,"column":16}},"125":{"start":{"line":392,"column":4},"end":{"line":411,"column":5}},"126":{"start":{"line":393,"column":6},"end":{"line":393,"column":37}},"127":{"start":{"line":394,"column":33},"end":{"line":394,"column":43}},"128":{"start":{"line":395,"column":18},"end":{"line":395,"column":65}},"129":{"start":{"line":397,"column":6},"end":{"line":399,"column":7}},"130":{"start":{"line":398,"column":8},"end":{"line":398,"column":35}},"131":{"start":{"line":401,"column":6},"end":{"line":405,"column":9}},"132":{"start":{"line":407,"column":6},"end":{"line":407,"column":60}},"133":{"start":{"line":409,"column":6},"end":{"line":409,"column":23}},"134":{"start":{"line":410,"column":6},"end":{"line":410,"column":16}},"135":{"start":{"line":417,"column":4},"end":{"line":446,"column":5}},"136":{"start":{"line":420,"column":19},"end":{"line":420,"column":23}},"137":{"start":{"line":421,"column":6},"end":{"line":426,"column":7}},"138":{"start":{"line":422,"column":19},"end":{"line":422,"column":45}},"139":{"start":{"line":425,"column":21},"end":{"line":425,"column":29}},"140":{"start":{"line":434,"column":22},"end":{"line":441,"column":8}},"141":{"start":{"line":442,"column":6},"end":{"line":442,"column":38}},"142":{"start":{"line":445,"column":6},"end":{"line":445,"column":16}},"143":{"start":{"line":450,"column":4},"end":{"line":466,"column":5}},"144":{"start":{"line":451,"column":22},"end":{"line":451,"column":66}},"145":{"start":{"line":453,"column":6},"end":{"line":455,"column":7}},"146":{"start":{"line":454,"column":8},"end":{"line":454,"column":35}},"147":{"start":{"line":456,"column":21},"end":{"line":460,"column":8}},"148":{"start":{"line":462,"column":6},"end":{"line":462,"column":35}},"149":{"start":{"line":465,"column":6},"end":{"line":465,"column":16}},"150":{"start":{"line":470,"column":4},"end":{"line":488,"column":5}},"151":{"start":{"line":472,"column":22},"end":{"line":472,"column":66}},"152":{"start":{"line":474,"column":6},"end":{"line":476,"column":7}},"153":{"start":{"line":475,"column":8},"end":{"line":475,"column":35}},"154":{"start":{"line":477,"column":21},"end":{"line":482,"column":8}},"155":{"start":{"line":484,"column":6},"end":{"line":484,"column":35}},"156":{"start":{"line":487,"column":6},"end":{"line":487,"column":16}},"157":{"start":{"line":492,"column":4},"end":{"line":528,"column":5}},"158":{"start":{"line":493,"column":19},"end":{"line":493,"column":34}},"159":{"start":{"line":494,"column":6},"end":{"line":498,"column":7}},"160":{"start":{"line":495,"column":19},"end":{"line":495,"column":45}},"161":{"start":{"line":496,"column":8},"end":{"line":496,"column":38}},"162":{"start":{"line":497,"column":21},"end":{"line":497,"column":29}},"163":{"start":{"line":500,"column":26},"end":{"line":500,"column":68}},"164":{"start":{"line":501,"column":6},"end":{"line":503,"column":7}},"165":{"start":{"line":502,"column":8},"end":{"line":502,"column":35}},"166":{"start":{"line":505,"column":21},"end":{"line":520,"column":7}},"167":{"start":{"line":522,"column":6},"end":{"line":524,"column":70}},"168":{"start":{"line":526,"column":6},"end":{"line":526,"column":23}},"169":{"start":{"line":527,"column":6},"end":{"line":527,"column":16}},"170":{"start":{"line":532,"column":4},"end":{"line":549,"column":5}},"171":{"start":{"line":533,"column":21},"end":{"line":533,"column":63}},"172":{"start":{"line":534,"column":6},"end":{"line":536,"column":7}},"173":{"start":{"line":535,"column":8},"end":{"line":535,"column":35}},"174":{"start":{"line":538,"column":6},"end":{"line":543,"column":9}},"175":{"start":{"line":545,"column":6},"end":{"line":545,"column":61}},"176":{"start":{"line":548,"column":6},"end":{"line":548,"column":16}},"177":{"start":{"line":553,"column":4},"end":{"line":576,"column":5}},"178":{"start":{"line":558,"column":21},"end":{"line":558,"column":25}},"179":{"start":{"line":559,"column":6},"end":{"line":564,"column":7}},"180":{"start":{"line":560,"column":19},"end":{"line":560,"column":45}},"181":{"start":{"line":563,"column":8},"end":{"line":563,"column":28}},"182":{"start":{"line":566,"column":20},"end":{"line":571,"column":8}},"183":{"start":{"line":572,"column":6},"end":{"line":572,"column":36}},"184":{"start":{"line":575,"column":6},"end":{"line":575,"column":16}},"185":{"start":{"line":580,"column":4},"end":{"line":595,"column":5}},"186":{"start":{"line":581,"column":22},"end":{"line":581,"column":66}},"187":{"start":{"line":582,"column":6},"end":{"line":584,"column":7}},"188":{"start":{"line":583,"column":8},"end":{"line":583,"column":35}},"189":{"start":{"line":585,"column":19},"end":{"line":589,"column":8}},"190":{"start":{"line":591,"column":6},"end":{"line":591,"column":33}},"191":{"start":{"line":593,"column":6},"end":{"line":593,"column":23}},"192":{"start":{"line":594,"column":6},"end":{"line":594,"column":16}},"193":{"start":{"line":599,"column":4},"end":{"line":616,"column":5}},"194":{"start":{"line":600,"column":22},"end":{"line":600,"column":63}},"195":{"start":{"line":601,"column":6},"end":{"line":603,"column":7}},"196":{"start":{"line":602,"column":8},"end":{"line":602,"column":35}},"197":{"start":{"line":605,"column":19},"end":{"line":611,"column":8}},"198":{"start":{"line":612,"column":6},"end":{"line":612,"column":33}},"199":{"start":{"line":615,"column":6},"end":{"line":615,"column":16}},"200":{"start":{"line":620,"column":4},"end":{"line":653,"column":5}},"201":{"start":{"line":621,"column":21},"end":{"line":621,"column":38}},"202":{"start":{"line":622,"column":6},"end":{"line":626,"column":7}},"203":{"start":{"line":623,"column":19},"end":{"line":623,"column":45}},"204":{"start":{"line":624,"column":8},"end":{"line":624,"column":34}},"205":{"start":{"line":625,"column":23},"end":{"line":625,"column":31}},"206":{"start":{"line":628,"column":24},"end":{"line":628,"column":62}},"207":{"start":{"line":629,"column":6},"end":{"line":631,"column":7}},"208":{"start":{"line":630,"column":8},"end":{"line":630,"column":35}},"209":{"start":{"line":633,"column":19},"end":{"line":647,"column":7}},"210":{"start":{"line":649,"column":6},"end":{"line":649,"column":70}},"211":{"start":{"line":651,"column":6},"end":{"line":651,"column":23}},"212":{"start":{"line":652,"column":6},"end":{"line":652,"column":16}},"213":{"start":{"line":657,"column":4},"end":{"line":674,"column":5}},"214":{"start":{"line":658,"column":19},"end":{"line":658,"column":57}},"215":{"start":{"line":659,"column":6},"end":{"line":661,"column":7}},"216":{"start":{"line":660,"column":8},"end":{"line":660,"column":35}},"217":{"start":{"line":663,"column":6},"end":{"line":668,"column":9}},"218":{"start":{"line":670,"column":6},"end":{"line":670,"column":61}},"219":{"start":{"line":673,"column":6},"end":{"line":673,"column":16}},"220":{"start":{"line":678,"column":4},"end":{"line":705,"column":5}},"221":{"start":{"line":685,"column":24},"end":{"line":685,"column":28}},"222":{"start":{"line":686,"column":6},"end":{"line":691,"column":7}},"223":{"start":{"line":687,"column":19},"end":{"line":687,"column":45}},"224":{"start":{"line":690,"column":8},"end":{"line":690,"column":31}},"225":{"start":{"line":694,"column":23},"end":{"line":700,"column":8}},"226":{"start":{"line":701,"column":6},"end":{"line":701,"column":39}},"227":{"start":{"line":704,"column":6},"end":{"line":704,"column":16}},"228":{"start":{"line":708,"column":4},"end":{"line":724,"column":5}},"229":{"start":{"line":709,"column":22},"end":{"line":709,"column":66}},"230":{"start":{"line":711,"column":6},"end":{"line":713,"column":7}},"231":{"start":{"line":712,"column":8},"end":{"line":712,"column":35}},"232":{"start":{"line":714,"column":22},"end":{"line":718,"column":8}},"233":{"start":{"line":720,"column":6},"end":{"line":720,"column":36}},"234":{"start":{"line":723,"column":6},"end":{"line":723,"column":16}},"235":{"start":{"line":727,"column":4},"end":{"line":761,"column":5}},"236":{"start":{"line":728,"column":24},"end":{"line":728,"column":44}},"237":{"start":{"line":729,"column":6},"end":{"line":733,"column":7}},"238":{"start":{"line":730,"column":19},"end":{"line":730,"column":45}},"239":{"start":{"line":732,"column":26},"end":{"line":732,"column":34}},"240":{"start":{"line":735,"column":27},"end":{"line":735,"column":71}},"241":{"start":{"line":737,"column":6},"end":{"line":739,"column":7}},"242":{"start":{"line":738,"column":8},"end":{"line":738,"column":35}},"243":{"start":{"line":741,"column":22},"end":{"line":755,"column":7}},"244":{"start":{"line":757,"column":6},"end":{"line":757,"column":73}},"245":{"start":{"line":760,"column":6},"end":{"line":760,"column":16}},"246":{"start":{"line":764,"column":4},"end":{"line":781,"column":5}},"247":{"start":{"line":765,"column":22},"end":{"line":765,"column":66}},"248":{"start":{"line":766,"column":6},"end":{"line":768,"column":7}},"249":{"start":{"line":767,"column":8},"end":{"line":767,"column":35}},"250":{"start":{"line":770,"column":6},"end":{"line":775,"column":9}},"251":{"start":{"line":777,"column":6},"end":{"line":777,"column":61}},"252":{"start":{"line":780,"column":6},"end":{"line":780,"column":16}},"253":{"start":{"line":785,"column":4},"end":{"line":800,"column":5}},"254":{"start":{"line":786,"column":27},"end":{"line":788,"column":7}},"255":{"start":{"line":790,"column":24},"end":{"line":795,"column":8}},"256":{"start":{"line":796,"column":6},"end":{"line":796,"column":40}},"257":{"start":{"line":799,"column":6},"end":{"line":799,"column":16}},"258":{"start":{"line":804,"column":4},"end":{"line":818,"column":5}},"259":{"start":{"line":806,"column":21},"end":{"line":812,"column":8}},"260":{"start":{"line":814,"column":6},"end":{"line":814,"column":37}},"261":{"start":{"line":816,"column":6},"end":{"line":816,"column":23}},"262":{"start":{"line":817,"column":6},"end":{"line":817,"column":16}},"263":{"start":{"line":822,"column":4},"end":{"line":841,"column":5}},"264":{"start":{"line":823,"column":20},"end":{"line":823,"column":64}},"265":{"start":{"line":825,"column":6},"end":{"line":827,"column":7}},"266":{"start":{"line":826,"column":8},"end":{"line":826,"column":35}},"267":{"start":{"line":829,"column":21},"end":{"line":835,"column":8}},"268":{"start":{"line":837,"column":6},"end":{"line":837,"column":37}},"269":{"start":{"line":839,"column":6},"end":{"line":839,"column":23}},"270":{"start":{"line":840,"column":6},"end":{"line":840,"column":16}},"271":{"start":{"line":845,"column":0},"end":{"line":845,"column":28}}},"fnMap":{"0":{"name":"(anonymous_0)","decl":{"start":{"line":20,"column":2},"end":{"line":20,"column":3}},"loc":{"start":{"line":20,"column":47},"end":{"line":48,"column":3}},"line":20},"1":{"name":"(anonymous_1)","decl":{"start":{"line":50,"column":2},"end":{"line":50,"column":3}},"loc":{"start":{"line":50,"column":43},"end":{"line":87,"column":3}},"line":50},"2":{"name":"(anonymous_2)","decl":{"start":{"line":89,"column":2},"end":{"line":89,"column":3}},"loc":{"start":{"line":89,"column":46},"end":{"line":120,"column":3}},"line":89},"3":{"name":"(anonymous_3)","decl":{"start":{"line":122,"column":2},"end":{"line":122,"column":3}},"loc":{"start":{"line":122,"column":46},"end":{"line":142,"column":3}},"line":122},"4":{"name":"(anonymous_4)","decl":{"start":{"line":144,"column":2},"end":{"line":144,"column":3}},"loc":{"start":{"line":144,"column":44},"end":{"line":186,"column":3}},"line":144},"5":{"name":"(anonymous_5)","decl":{"start":{"line":189,"column":2},"end":{"line":189,"column":3}},"loc":{"start":{"line":189,"column":41},"end":{"line":208,"column":3}},"line":189},"6":{"name":"(anonymous_6)","decl":{"start":{"line":210,"column":2},"end":{"line":210,"column":3}},"loc":{"start":{"line":210,"column":42},"end":{"line":227,"column":3}},"line":210},"7":{"name":"(anonymous_7)","decl":{"start":{"line":230,"column":2},"end":{"line":230,"column":3}},"loc":{"start":{"line":230,"column":42},"end":{"line":254,"column":3}},"line":230},"8":{"name":"(anonymous_8)","decl":{"start":{"line":257,"column":2},"end":{"line":257,"column":3}},"loc":{"start":{"line":257,"column":45},"end":{"line":299,"column":3}},"line":257},"9":{"name":"(anonymous_9)","decl":{"start":{"line":302,"column":2},"end":{"line":302,"column":3}},"loc":{"start":{"line":302,"column":44},"end":{"line":336,"column":3}},"line":302},"10":{"name":"(anonymous_10)","decl":{"start":{"line":338,"column":2},"end":{"line":338,"column":3}},"loc":{"start":{"line":338,"column":43},"end":{"line":359,"column":3}},"line":338},"11":{"name":"(anonymous_11)","decl":{"start":{"line":361,"column":2},"end":{"line":361,"column":3}},"loc":{"start":{"line":361,"column":43},"end":{"line":389,"column":3}},"line":361},"12":{"name":"(anonymous_12)","decl":{"start":{"line":391,"column":2},"end":{"line":391,"column":3}},"loc":{"start":{"line":391,"column":46},"end":{"line":412,"column":3}},"line":391},"13":{"name":"(anonymous_13)","decl":{"start":{"line":416,"column":2},"end":{"line":416,"column":3}},"loc":{"start":{"line":416,"column":46},"end":{"line":447,"column":3}},"line":416},"14":{"name":"(anonymous_14)","decl":{"start":{"line":449,"column":2},"end":{"line":449,"column":3}},"loc":{"start":{"line":449,"column":46},"end":{"line":467,"column":3}},"line":449},"15":{"name":"(anonymous_15)","decl":{"start":{"line":469,"column":2},"end":{"line":469,"column":3}},"loc":{"start":{"line":469,"column":43},"end":{"line":489,"column":3}},"line":469},"16":{"name":"(anonymous_16)","decl":{"start":{"line":491,"column":2},"end":{"line":491,"column":3}},"loc":{"start":{"line":491,"column":41},"end":{"line":529,"column":3}},"line":491},"17":{"name":"(anonymous_17)","decl":{"start":{"line":531,"column":2},"end":{"line":531,"column":3}},"loc":{"start":{"line":531,"column":44},"end":{"line":550,"column":3}},"line":531},"18":{"name":"(anonymous_18)","decl":{"start":{"line":552,"column":2},"end":{"line":552,"column":3}},"loc":{"start":{"line":552,"column":42},"end":{"line":577,"column":3}},"line":552},"19":{"name":"(anonymous_19)","decl":{"start":{"line":579,"column":2},"end":{"line":579,"column":3}},"loc":{"start":{"line":579,"column":44},"end":{"line":596,"column":3}},"line":579},"20":{"name":"(anonymous_20)","decl":{"start":{"line":598,"column":2},"end":{"line":598,"column":3}},"loc":{"start":{"line":598,"column":41},"end":{"line":617,"column":3}},"line":598},"21":{"name":"(anonymous_21)","decl":{"start":{"line":619,"column":2},"end":{"line":619,"column":3}},"loc":{"start":{"line":619,"column":39},"end":{"line":654,"column":3}},"line":619},"22":{"name":"(anonymous_22)","decl":{"start":{"line":656,"column":2},"end":{"line":656,"column":3}},"loc":{"start":{"line":656,"column":42},"end":{"line":675,"column":3}},"line":656},"23":{"name":"(anonymous_23)","decl":{"start":{"line":677,"column":2},"end":{"line":677,"column":3}},"loc":{"start":{"line":677,"column":42},"end":{"line":706,"column":3}},"line":677},"24":{"name":"(anonymous_24)","decl":{"start":{"line":707,"column":2},"end":{"line":707,"column":3}},"loc":{"start":{"line":707,"column":47},"end":{"line":725,"column":3}},"line":707},"25":{"name":"(anonymous_25)","decl":{"start":{"line":726,"column":2},"end":{"line":726,"column":3}},"loc":{"start":{"line":726,"column":42},"end":{"line":762,"column":3}},"line":726},"26":{"name":"(anonymous_26)","decl":{"start":{"line":763,"column":2},"end":{"line":763,"column":3}},"loc":{"start":{"line":763,"column":45},"end":{"line":782,"column":3}},"line":763},"27":{"name":"(anonymous_27)","decl":{"start":{"line":784,"column":2},"end":{"line":784,"column":3}},"loc":{"start":{"line":784,"column":49},"end":{"line":801,"column":3}},"line":784},"28":{"name":"(anonymous_28)","decl":{"start":{"line":803,"column":2},"end":{"line":803,"column":3}},"loc":{"start":{"line":803,"column":48},"end":{"line":819,"column":3}},"line":803},"29":{"name":"(anonymous_29)","decl":{"start":{"line":821,"column":2},"end":{"line":821,"column":3}},"loc":{"start":{"line":821,"column":55},"end":{"line":842,"column":3}},"line":821}},"branchMap":{"0":{"loc":{"start":{"line":26,"column":6},"end":{"line":29,"column":7}},"type":"if","locations":[{"start":{"line":26,"column":6},"end":{"line":29,"column":7}},{"start":{},"end":{}}],"line":26},"1":{"loc":{"start":{"line":56,"column":6},"end":{"line":58,"column":7}},"type":"if","locations":[{"start":{"line":56,"column":6},"end":{"line":58,"column":7}},{"start":{},"end":{}}],"line":56},"2":{"loc":{"start":{"line":61,"column":6},"end":{"line":64,"column":7}},"type":"if","locations":[{"start":{"line":61,"column":6},"end":{"line":64,"column":7}},{"start":{},"end":{}}],"line":61},"3":{"loc":{"start":{"line":103,"column":6},"end":{"line":105,"column":7}},"type":"if","locations":[{"start":{"line":103,"column":6},"end":{"line":105,"column":7}},{"start":{},"end":{}}],"line":103},"4":{"loc":{"start":{"line":106,"column":6},"end":{"line":110,"column":7}},"type":"if","locations":[{"start":{"line":106,"column":6},"end":{"line":110,"column":7}},{"start":{},"end":{}}],"line":106},"5":{"loc":{"start":{"line":133,"column":6},"end":{"line":135,"column":7}},"type":"if","locations":[{"start":{"line":133,"column":6},"end":{"line":135,"column":7}},{"start":{},"end":{}}],"line":133},"6":{"loc":{"start":{"line":237,"column":6},"end":{"line":240,"column":7}},"type":"if","locations":[{"start":{"line":237,"column":6},"end":{"line":240,"column":7}},{"start":{},"end":{}}],"line":237},"7":{"loc":{"start":{"line":319,"column":6},"end":{"line":321,"column":7}},"type":"if","locations":[{"start":{"line":319,"column":6},"end":{"line":321,"column":7}},{"start":{},"end":{}}],"line":319},"8":{"loc":{"start":{"line":350,"column":6},"end":{"line":352,"column":7}},"type":"if","locations":[{"start":{"line":350,"column":6},"end":{"line":352,"column":7}},{"start":{},"end":{}}],"line":350},"9":{"loc":{"start":{"line":367,"column":6},"end":{"line":369,"column":7}},"type":"if","locations":[{"start":{"line":367,"column":6},"end":{"line":369,"column":7}},{"start":{},"end":{}}],"line":367},"10":{"loc":{"start":{"line":397,"column":6},"end":{"line":399,"column":7}},"type":"if","locations":[{"start":{"line":397,"column":6},"end":{"line":399,"column":7}},{"start":{},"end":{}}],"line":397},"11":{"loc":{"start":{"line":421,"column":6},"end":{"line":426,"column":7}},"type":"if","locations":[{"start":{"line":421,"column":6},"end":{"line":426,"column":7}},{"start":{},"end":{}}],"line":421},"12":{"loc":{"start":{"line":453,"column":6},"end":{"line":455,"column":7}},"type":"if","locations":[{"start":{"line":453,"column":6},"end":{"line":455,"column":7}},{"start":{},"end":{}}],"line":453},"13":{"loc":{"start":{"line":474,"column":6},"end":{"line":476,"column":7}},"type":"if","locations":[{"start":{"line":474,"column":6},"end":{"line":476,"column":7}},{"start":{},"end":{}}],"line":474},"14":{"loc":{"start":{"line":494,"column":6},"end":{"line":498,"column":7}},"type":"if","locations":[{"start":{"line":494,"column":6},"end":{"line":498,"column":7}},{"start":{},"end":{}}],"line":494},"15":{"loc":{"start":{"line":501,"column":6},"end":{"line":503,"column":7}},"type":"if","locations":[{"start":{"line":501,"column":6},"end":{"line":503,"column":7}},{"start":{},"end":{}}],"line":501},"16":{"loc":{"start":{"line":534,"column":6},"end":{"line":536,"column":7}},"type":"if","locations":[{"start":{"line":534,"column":6},"end":{"line":536,"column":7}},{"start":{},"end":{}}],"line":534},"17":{"loc":{"start":{"line":559,"column":6},"end":{"line":564,"column":7}},"type":"if","locations":[{"start":{"line":559,"column":6},"end":{"line":564,"column":7}},{"start":{},"end":{}}],"line":559},"18":{"loc":{"start":{"line":582,"column":6},"end":{"line":584,"column":7}},"type":"if","locations":[{"start":{"line":582,"column":6},"end":{"line":584,"column":7}},{"start":{},"end":{}}],"line":582},"19":{"loc":{"start":{"line":601,"column":6},"end":{"line":603,"column":7}},"type":"if","locations":[{"start":{"line":601,"column":6},"end":{"line":603,"column":7}},{"start":{},"end":{}}],"line":601},"20":{"loc":{"start":{"line":622,"column":6},"end":{"line":626,"column":7}},"type":"if","locations":[{"start":{"line":622,"column":6},"end":{"line":626,"column":7}},{"start":{},"end":{}}],"line":622},"21":{"loc":{"start":{"line":629,"column":6},"end":{"line":631,"column":7}},"type":"if","locations":[{"start":{"line":629,"column":6},"end":{"line":631,"column":7}},{"start":{},"end":{}}],"line":629},"22":{"loc":{"start":{"line":659,"column":6},"end":{"line":661,"column":7}},"type":"if","locations":[{"start":{"line":659,"column":6},"end":{"line":661,"column":7}},{"start":{},"end":{}}],"line":659},"23":{"loc":{"start":{"line":686,"column":6},"end":{"line":691,"column":7}},"type":"if","locations":[{"start":{"line":686,"column":6},"end":{"line":691,"column":7}},{"start":{},"end":{}}],"line":686},"24":{"loc":{"start":{"line":711,"column":6},"end":{"line":713,"column":7}},"type":"if","locations":[{"start":{"line":711,"column":6},"end":{"line":713,"column":7}},{"start":{},"end":{}}],"line":711},"25":{"loc":{"start":{"line":729,"column":6},"end":{"line":733,"column":7}},"type":"if","locations":[{"start":{"line":729,"column":6},"end":{"line":733,"column":7}},{"start":{},"end":{}}],"line":729},"26":{"loc":{"start":{"line":737,"column":6},"end":{"line":739,"column":7}},"type":"if","locations":[{"start":{"line":737,"column":6},"end":{"line":739,"column":7}},{"start":{},"end":{}}],"line":737},"27":{"loc":{"start":{"line":766,"column":6},"end":{"line":768,"column":7}},"type":"if","locations":[{"start":{"line":766,"column":6},"end":{"line":768,"column":7}},{"start":{},"end":{}}],"line":766},"28":{"loc":{"start":{"line":825,"column":6},"end":{"line":827,"column":7}},"type":"if","locations":[{"start":{"line":825,"column":6},"end":{"line":827,"column":7}},{"start":{},"end":{}}],"line":825}},"s":{"0":7,"1":7,"2":7,"3":7,"4":7,"5":7,"6":2,"7":2,"8":2,"9":2,"10":0,"11":0,"12":2,"13":1,"14":1,"15":1,"16":3,"17":3,"18":3,"19":3,"20":3,"21":1,"22":2,"23":2,"24":0,"25":0,"26":2,"27":1,"28":2,"29":2,"30":5,"31":5,"32":5,"33":5,"34":5,"35":2,"36":5,"37":2,"38":5,"39":5,"40":5,"41":0,"42":0,"43":2,"44":2,"45":2,"46":2,"47":2,"48":1,"49":1,"50":1,"51":1,"52":2,"53":2,"54":2,"55":2,"56":2,"57":2,"58":2,"59":0,"60":0,"61":1,"62":1,"63":1,"64":1,"65":0,"66":0,"67":2,"68":2,"69":2,"70":1,"71":1,"72":1,"73":2,"74":2,"75":2,"76":2,"77":2,"78":2,"79":0,"80":0,"81":2,"82":1,"83":1,"84":1,"85":1,"86":0,"87":0,"88":0,"89":0,"90":0,"91":0,"92":0,"93":0,"94":0,"95":0,"96":0,"97":2,"98":2,"99":2,"100":2,"101":2,"102":1,"103":1,"104":1,"105":1,"106":1,"107":2,"108":2,"109":2,"110":2,"111":1,"112":1,"113":1,"114":1,"115":2,"116":2,"117":2,"118":2,"119":2,"120":1,"121":1,"122":1,"123":1,"124":1,"125":2,"126":2,"127":2,"128":2,"129":2,"130":1,"131":1,"132":1,"133":1,"134":1,"135":4,"136":4,"137":4,"138":0,"139":0,"140":4,"141":1,"142":3,"143":2,"144":2,"145":2,"146":1,"147":1,"148":1,"149":1,"150":2,"151":2,"152":2,"153":1,"154":1,"155":1,"156":1,"157":2,"158":2,"159":2,"160":0,"161":0,"162":0,"163":2,"164":2,"165":1,"166":1,"167":1,"168":1,"169":1,"170":2,"171":2,"172":2,"173":1,"174":1,"175":1,"176":1,"177":3,"178":3,"179":3,"180":0,"181":0,"182":3,"183":1,"184":2,"185":2,"186":2,"187":2,"188":1,"189":1,"190":1,"191":1,"192":1,"193":2,"194":2,"195":2,"196":1,"197":1,"198":1,"199":1,"200":2,"201":2,"202":2,"203":0,"204":0,"205":0,"206":2,"207":2,"208":1,"209":1,"210":1,"211":1,"212":1,"213":2,"214":2,"215":2,"216":1,"217":1,"218":1,"219":1,"220":4,"221":4,"222":4,"223":0,"224":0,"225":4,"226":1,"227":3,"228":2,"229":2,"230":2,"231":1,"232":1,"233":1,"234":1,"235":2,"236":2,"237":2,"238":0,"239":0,"240":2,"241":2,"242":1,"243":1,"244":1,"245":1,"246":2,"247":2,"248":2,"249":1,"250":1,"251":1,"252":1,"253":2,"254":2,"255":2,"256":1,"257":1,"258":1,"259":1,"260":1,"261":0,"262":0,"263":2,"264":2,"265":2,"266":1,"267":1,"268":1,"269":1,"270":1,"271":7},"f":{"0":2,"1":3,"2":5,"3":2,"4":2,"5":1,"6":2,"7":2,"8":0,"9":2,"10":2,"11":2,"12":2,"13":4,"14":2,"15":2,"16":2,"17":2,"18":3,"19":2,"20":2,"21":2,"22":2,"23":4,"24":2,"25":2,"26":2,"27":2,"28":1,"29":2},"b":{"0":[0,2],"1":[1,2],"2":[0,2],"3":[2,3],"4":[2,3],"5":[1,1],"6":[0,2],"7":[1,1],"8":[1,1],"9":[1,1],"10":[1,1],"11":[0,4],"12":[1,1],"13":[1,1],"14":[0,2],"15":[1,1],"16":[1,1],"17":[0,3],"18":[1,1],"19":[1,1],"20":[0,2],"21":[1,1],"22":[1,1],"23":[0,4],"24":[1,1],"25":[0,2],"26":[1,1],"27":[1,1],"28":[1,1]},"_coverageSchema":"1a1c01bbd47fc00a2c39e90264f33305004495a9","hash":"d0ec8ae4b0bd59fd8b2c60b55f247e66ca9a409f"}
,"C:\\Hacktiv8 Bootcamp\\Phase3\\Final Project\\fsjs-t1-final-server\\services\\server2\\helpers\\imageKit.js": {"path":"C:\\Hacktiv8 Bootcamp\\Phase3\\Final Project\\fsjs-t1-final-server\\services\\server2\\helpers\\imageKit.js","statementMap":{"0":{"start":{"line":1,"column":15},"end":{"line":1,"column":35}},"1":{"start":{"line":2,"column":14},"end":{"line":2,"column":30}},"2":{"start":{"line":5,"column":15},"end":{"line":5,"column":29}},"3":{"start":{"line":6,"column":2},"end":{"line":6,"column":70}},"4":{"start":{"line":7,"column":2},"end":{"line":7,"column":46}},"5":{"start":{"line":10,"column":13},"end":{"line":10,"column":27}},"6":{"start":{"line":12,"column":19},"end":{"line":19,"column":4}},"7":{"start":{"line":21,"column":2},"end":{"line":21,"column":13}},"8":{"start":{"line":24,"column":0},"end":{"line":24,"column":27}}},"fnMap":{"0":{"name":"ImageCloud","decl":{"start":{"line":4,"column":15},"end":{"line":4,"column":25}},"loc":{"start":{"line":4,"column":33},"end":{"line":22,"column":1}},"line":4}},"branchMap":{},"s":{"0":7,"1":7,"2":0,"3":0,"4":0,"5":0,"6":0,"7":0,"8":7},"f":{"0":0},"b":{},"_coverageSchema":"1a1c01bbd47fc00a2c39e90264f33305004495a9","hash":"2702fda1013de6c0f72c5031be9a4d433de61a65"}
,"C:\\Hacktiv8 Bootcamp\\Phase3\\Final Project\\fsjs-t1-final-server\\services\\server2\\helpers\\multer.js": {"path":"C:\\Hacktiv8 Bootcamp\\Phase3\\Final Project\\fsjs-t1-final-server\\services\\server2\\helpers\\multer.js","statementMap":{"0":{"start":{"line":1,"column":15},"end":{"line":1,"column":32}},"1":{"start":{"line":2,"column":11},"end":{"line":2,"column":26}},"2":{"start":{"line":4,"column":16},"end":{"line":4,"column":38}},"3":{"start":{"line":5,"column":15},"end":{"line":15,"column":2}},"4":{"start":{"line":17,"column":0},"end":{"line":17,"column":24}}},"fnMap":{},"branchMap":{},"s":{"0":7,"1":7,"2":7,"3":7,"4":7},"f":{},"b":{},"_coverageSchema":"1a1c01bbd47fc00a2c39e90264f33305004495a9","hash":"6fdf41cb2d9822efb4a73b4e8e8b7fbc94a34008"}
,"C:\\Hacktiv8 Bootcamp\\Phase3\\Final Project\\fsjs-t1-final-server\\services\\server2\\library\\seedAction.js": {"path":"C:\\Hacktiv8 Bootcamp\\Phase3\\Final Project\\fsjs-t1-final-server\\services\\server2\\library\\seedAction.js","statementMap":{"0":{"start":{"line":1,"column":19},"end":{"line":1,"column":39}},"1":{"start":{"line":2,"column":11},"end":{"line":2,"column":31}},"2":{"start":{"line":3,"column":23},"end":{"line":3,"column":55}},"3":{"start":{"line":6,"column":2},"end":{"line":24,"column":3}},"4":{"start":{"line":7,"column":4},"end":{"line":11,"column":6}},"5":{"start":{"line":13,"column":15},"end":{"line":13,"column":45}},"6":{"start":{"line":14,"column":4},"end":{"line":19,"column":7}},"7":{"start":{"line":15,"column":6},"end":{"line":15,"column":19}},"8":{"start":{"line":16,"column":6},"end":{"line":16,"column":32}},"9":{"start":{"line":17,"column":6},"end":{"line":17,"column":32}},"10":{"start":{"line":18,"column":6},"end":{"line":18,"column":16}},"11":{"start":{"line":21,"column":4},"end":{"line":21,"column":34}},"12":{"start":{"line":23,"column":4},"end":{"line":23,"column":46}},"13":{"start":{"line":27,"column":0},"end":{"line":27,"column":28}}},"fnMap":{"0":{"name":"seedAction","decl":{"start":{"line":5,"column":15},"end":{"line":5,"column":25}},"loc":{"start":{"line":5,"column":28},"end":{"line":25,"column":1}},"line":5},"1":{"name":"(anonymous_1)","decl":{"start":{"line":14,"column":20},"end":{"line":14,"column":21}},"loc":{"start":{"line":14,"column":28},"end":{"line":19,"column":5}},"line":14}},"branchMap":{},"s":{"0":1,"1":1,"2":1,"3":1,"4":1,"5":1,"6":1,"7":2,"8":2,"9":2,"10":2,"11":1,"12":0,"13":1},"f":{"0":1,"1":2},"b":{},"_coverageSchema":"1a1c01bbd47fc00a2c39e90264f33305004495a9","hash":"d50c6ca41663663cdf339aedc40e345151797acb"}
,"C:\\Hacktiv8 Bootcamp\\Phase3\\Final Project\\fsjs-t1-final-server\\services\\server2\\library\\seedDoctor.js": {"path":"C:\\Hacktiv8 Bootcamp\\Phase3\\Final Project\\fsjs-t1-final-server\\services\\server2\\library\\seedDoctor.js","statementMap":{"0":{"start":{"line":1,"column":19},"end":{"line":1,"column":39}},"1":{"start":{"line":2,"column":11},"end":{"line":2,"column":31}},"2":{"start":{"line":3,"column":21},"end":{"line":3,"column":52}},"3":{"start":{"line":4,"column":23},"end":{"line":4,"column":55}},"4":{"start":{"line":7,"column":4},"end":{"line":25,"column":5}},"5":{"start":{"line":8,"column":4},"end":{"line":8,"column":105}},"6":{"start":{"line":11,"column":15},"end":{"line":11,"column":45}},"7":{"start":{"line":12,"column":4},"end":{"line":15,"column":6}},"8":{"start":{"line":13,"column":8},"end":{"line":14,"column":33}},"9":{"start":{"line":17,"column":17},"end":{"line":17,"column":46}},"10":{"start":{"line":19,"column":4},"end":{"line":19,"column":24}},"11":{"start":{"line":20,"column":4},"end":{"line":20,"column":17}},"12":{"start":{"line":24,"column":8},"end":{"line":24,"column":49}},"13":{"start":{"line":28,"column":0},"end":{"line":28,"column":27}}},"fnMap":{"0":{"name":"seedDoctor","decl":{"start":{"line":6,"column":15},"end":{"line":6,"column":25}},"loc":{"start":{"line":6,"column":28},"end":{"line":26,"column":1}},"line":6},"1":{"name":"(anonymous_1)","decl":{"start":{"line":12,"column":17},"end":{"line":12,"column":18}},"loc":{"start":{"line":12,"column":23},"end":{"line":15,"column":5}},"line":12}},"branchMap":{},"s":{"0":5,"1":5,"2":5,"3":5,"4":4,"5":4,"6":4,"7":4,"8":24,"9":4,"10":4,"11":4,"12":0,"13":5},"f":{"0":4,"1":24},"b":{},"_coverageSchema":"1a1c01bbd47fc00a2c39e90264f33305004495a9","hash":"aa748eb93ea8bf80e5187df7fd77b43c4416ccce"}
,"C:\\Hacktiv8 Bootcamp\\Phase3\\Final Project\\fsjs-t1-final-server\\services\\server2\\library\\seedDoctorSchedule.js": {"path":"C:\\Hacktiv8 Bootcamp\\Phase3\\Final Project\\fsjs-t1-final-server\\services\\server2\\library\\seedDoctorSchedule.js","statementMap":{"0":{"start":{"line":1,"column":27},"end":{"line":1,"column":47}},"1":{"start":{"line":2,"column":11},"end":{"line":2,"column":31}},"2":{"start":{"line":3,"column":23},"end":{"line":3,"column":55}},"3":{"start":{"line":6,"column":4},"end":{"line":20,"column":5}},"4":{"start":{"line":7,"column":4},"end":{"line":7,"column":113}},"5":{"start":{"line":10,"column":15},"end":{"line":10,"column":53}},"6":{"start":{"line":11,"column":4},"end":{"line":14,"column":6}},"7":{"start":{"line":12,"column":8},"end":{"line":13,"column":33}},"8":{"start":{"line":16,"column":3},"end":{"line":16,"column":40}},"9":{"start":{"line":19,"column":8},"end":{"line":19,"column":49}},"10":{"start":{"line":23,"column":0},"end":{"line":23,"column":29}}},"fnMap":{"0":{"name":"seedDocSched","decl":{"start":{"line":5,"column":15},"end":{"line":5,"column":27}},"loc":{"start":{"line":5,"column":30},"end":{"line":21,"column":1}},"line":5},"1":{"name":"(anonymous_1)","decl":{"start":{"line":11,"column":17},"end":{"line":11,"column":18}},"loc":{"start":{"line":11,"column":23},"end":{"line":14,"column":5}},"line":11}},"branchMap":{},"s":{"0":6,"1":6,"2":6,"3":6,"4":6,"5":6,"6":6,"7":48,"8":6,"9":0,"10":6},"f":{"0":6,"1":48},"b":{},"_coverageSchema":"1a1c01bbd47fc00a2c39e90264f33305004495a9","hash":"2373f2c668d88ac27c96e426b2404393a9410004"}
,"C:\\Hacktiv8 Bootcamp\\Phase3\\Final Project\\fsjs-t1-final-server\\services\\server2\\library\\seedMedicalRecord.js": {"path":"C:\\Hacktiv8 Bootcamp\\Phase3\\Final Project\\fsjs-t1-final-server\\services\\server2\\library\\seedMedicalRecord.js","statementMap":{"0":{"start":{"line":1,"column":26},"end":{"line":1,"column":46}},"1":{"start":{"line":2,"column":11},"end":{"line":2,"column":31}},"2":{"start":{"line":3,"column":23},"end":{"line":3,"column":55}},"3":{"start":{"line":6,"column":2},"end":{"line":24,"column":3}},"4":{"start":{"line":7,"column":4},"end":{"line":11,"column":6}},"5":{"start":{"line":13,"column":15},"end":{"line":13,"column":46}},"6":{"start":{"line":14,"column":4},"end":{"line":19,"column":7}},"7":{"start":{"line":15,"column":6},"end":{"line":15,"column":19}},"8":{"start":{"line":16,"column":6},"end":{"line":16,"column":32}},"9":{"start":{"line":17,"column":6},"end":{"line":17,"column":32}},"10":{"start":{"line":18,"column":6},"end":{"line":18,"column":16}},"11":{"start":{"line":21,"column":4},"end":{"line":21,"column":41}},"12":{"start":{"line":23,"column":4},"end":{"line":23,"column":46}},"13":{"start":{"line":27,"column":0},"end":{"line":27,"column":35}}},"fnMap":{"0":{"name":"seedMedicalRecord","decl":{"start":{"line":5,"column":15},"end":{"line":5,"column":32}},"loc":{"start":{"line":5,"column":35},"end":{"line":25,"column":1}},"line":5},"1":{"name":"(anonymous_1)","decl":{"start":{"line":14,"column":20},"end":{"line":14,"column":21}},"loc":{"start":{"line":14,"column":28},"end":{"line":19,"column":5}},"line":14}},"branchMap":{},"s":{"0":1,"1":1,"2":1,"3":1,"4":1,"5":1,"6":1,"7":1,"8":1,"9":1,"10":1,"11":1,"12":0,"13":1},"f":{"0":1,"1":1},"b":{},"_coverageSchema":"1a1c01bbd47fc00a2c39e90264f33305004495a9","hash":"d86d7fe77a6a9323c9daa22f3f1b2aef25237e31"}
,"C:\\Hacktiv8 Bootcamp\\Phase3\\Final Project\\fsjs-t1-final-server\\services\\server2\\library\\seedPetSchedule.js": {"path":"C:\\Hacktiv8 Bootcamp\\Phase3\\Final Project\\fsjs-t1-final-server\\services\\server2\\library\\seedPetSchedule.js","statementMap":{"0":{"start":{"line":1,"column":24},"end":{"line":1,"column":44}},"1":{"start":{"line":2,"column":11},"end":{"line":2,"column":31}},"2":{"start":{"line":3,"column":23},"end":{"line":3,"column":55}},"3":{"start":{"line":6,"column":2},"end":{"line":29,"column":3}},"4":{"start":{"line":7,"column":4},"end":{"line":11,"column":6}},"5":{"start":{"line":15,"column":15},"end":{"line":15,"column":50}},"6":{"start":{"line":16,"column":4},"end":{"line":20,"column":7}},"7":{"start":{"line":17,"column":6},"end":{"line":17,"column":32}},"8":{"start":{"line":18,"column":6},"end":{"line":18,"column":32}},"9":{"start":{"line":19,"column":6},"end":{"line":19,"column":16}},"10":{"start":{"line":22,"column":4},"end":{"line":22,"column":39}},"11":{"start":{"line":24,"column":21},"end":{"line":24,"column":48}},"12":{"start":{"line":28,"column":4},"end":{"line":28,"column":54}},"13":{"start":{"line":32,"column":0},"end":{"line":32,"column":33}}},"fnMap":{"0":{"name":"seedPetSchedule","decl":{"start":{"line":5,"column":15},"end":{"line":5,"column":30}},"loc":{"start":{"line":5,"column":33},"end":{"line":30,"column":1}},"line":5},"1":{"name":"(anonymous_1)","decl":{"start":{"line":16,"column":20},"end":{"line":16,"column":21}},"loc":{"start":{"line":16,"column":28},"end":{"line":20,"column":5}},"line":16}},"branchMap":{},"s":{"0":1,"1":1,"2":1,"3":1,"4":1,"5":1,"6":1,"7":3,"8":3,"9":3,"10":1,"11":1,"12":0,"13":1},"f":{"0":1,"1":3},"b":{},"_coverageSchema":"1a1c01bbd47fc00a2c39e90264f33305004495a9","hash":"20b7531edeac718356c72d68eb68db4d0d3d564d"}
,"C:\\Hacktiv8 Bootcamp\\Phase3\\Final Project\\fsjs-t1-final-server\\services\\server2\\library\\seedPetshops.js": {"path":"C:\\Hacktiv8 Bootcamp\\Phase3\\Final Project\\fsjs-t1-final-server\\services\\server2\\library\\seedPetshops.js","statementMap":{"0":{"start":{"line":1,"column":20},"end":{"line":1,"column":40}},"1":{"start":{"line":2,"column":11},"end":{"line":2,"column":31}},"2":{"start":{"line":3,"column":23},"end":{"line":3,"column":55}},"3":{"start":{"line":4,"column":18},"end":{"line":4,"column":30}},"4":{"start":{"line":7,"column":2},"end":{"line":29,"column":3}},"5":{"start":{"line":8,"column":4},"end":{"line":12,"column":6}},"6":{"start":{"line":15,"column":15},"end":{"line":15,"column":46}},"7":{"start":{"line":16,"column":4},"end":{"line":24,"column":7}},"8":{"start":{"line":17,"column":20},"end":{"line":17,"column":42}},"9":{"start":{"line":18,"column":6},"end":{"line":23,"column":36}},"10":{"start":{"line":26,"column":4},"end":{"line":26,"column":35}},"11":{"start":{"line":28,"column":4},"end":{"line":28,"column":46}},"12":{"start":{"line":32,"column":0},"end":{"line":32,"column":29}}},"fnMap":{"0":{"name":"seedPetshop","decl":{"start":{"line":6,"column":15},"end":{"line":6,"column":26}},"loc":{"start":{"line":6,"column":29},"end":{"line":30,"column":1}},"line":6},"1":{"name":"(anonymous_1)","decl":{"start":{"line":16,"column":17},"end":{"line":16,"column":18}},"loc":{"start":{"line":16,"column":25},"end":{"line":24,"column":5}},"line":16}},"branchMap":{},"s":{"0":7,"1":7,"2":7,"3":7,"4":7,"5":7,"6":7,"7":7,"8":21,"9":21,"10":7,"11":0,"12":7},"f":{"0":7,"1":21},"b":{},"_coverageSchema":"1a1c01bbd47fc00a2c39e90264f33305004495a9","hash":"f9d9660eaa6a5a42564c16ba4de76dbf326a25a6"}
,"C:\\Hacktiv8 Bootcamp\\Phase3\\Final Project\\fsjs-t1-final-server\\services\\server2\\library\\seedPost.js": {"path":"C:\\Hacktiv8 Bootcamp\\Phase3\\Final Project\\fsjs-t1-final-server\\services\\server2\\library\\seedPost.js","statementMap":{"0":{"start":{"line":1,"column":17},"end":{"line":1,"column":37}},"1":{"start":{"line":2,"column":11},"end":{"line":2,"column":31}},"2":{"start":{"line":3,"column":23},"end":{"line":3,"column":55}},"3":{"start":{"line":6,"column":4},"end":{"line":19,"column":5}},"4":{"start":{"line":7,"column":4},"end":{"line":7,"column":103}},"5":{"start":{"line":10,"column":15},"end":{"line":10,"column":43}},"6":{"start":{"line":11,"column":4},"end":{"line":14,"column":6}},"7":{"start":{"line":12,"column":8},"end":{"line":13,"column":33}},"8":{"start":{"line":16,"column":4},"end":{"line":16,"column":31}},"9":{"start":{"line":18,"column":8},"end":{"line":18,"column":49}},"10":{"start":{"line":22,"column":0},"end":{"line":22,"column":25}}},"fnMap":{"0":{"name":"seedPost","decl":{"start":{"line":5,"column":15},"end":{"line":5,"column":23}},"loc":{"start":{"line":5,"column":26},"end":{"line":20,"column":1}},"line":5},"1":{"name":"(anonymous_1)","decl":{"start":{"line":11,"column":17},"end":{"line":11,"column":18}},"loc":{"start":{"line":11,"column":23},"end":{"line":14,"column":5}},"line":11}},"branchMap":{},"s":{"0":1,"1":1,"2":1,"3":1,"4":1,"5":1,"6":1,"7":2,"8":1,"9":0,"10":1},"f":{"0":1,"1":2},"b":{},"_coverageSchema":"1a1c01bbd47fc00a2c39e90264f33305004495a9","hash":"f4e6f1a54f6654c2872415a69a1424977616988f"}
,"C:\\Hacktiv8 Bootcamp\\Phase3\\Final Project\\fsjs-t1-final-server\\services\\server2\\library\\seedService.js": {"path":"C:\\Hacktiv8 Bootcamp\\Phase3\\Final Project\\fsjs-t1-final-server\\services\\server2\\library\\seedService.js","statementMap":{"0":{"start":{"line":1,"column":20},"end":{"line":1,"column":40}},"1":{"start":{"line":2,"column":11},"end":{"line":2,"column":31}},"2":{"start":{"line":3,"column":23},"end":{"line":3,"column":55}},"3":{"start":{"line":6,"column":2},"end":{"line":23,"column":3}},"4":{"start":{"line":7,"column":4},"end":{"line":11,"column":6}},"5":{"start":{"line":13,"column":15},"end":{"line":13,"column":47}},"6":{"start":{"line":14,"column":5},"end":{"line":18,"column":7}},"7":{"start":{"line":15,"column":6},"end":{"line":15,"column":32}},"8":{"start":{"line":16,"column":6},"end":{"line":16,"column":32}},"9":{"start":{"line":17,"column":6},"end":{"line":17,"column":16}},"10":{"start":{"line":20,"column":4},"end":{"line":20,"column":35}},"11":{"start":{"line":22,"column":4},"end":{"line":22,"column":46}},"12":{"start":{"line":26,"column":0},"end":{"line":26,"column":29}}},"fnMap":{"0":{"name":"seedService","decl":{"start":{"line":5,"column":15},"end":{"line":5,"column":26}},"loc":{"start":{"line":5,"column":29},"end":{"line":24,"column":1}},"line":5},"1":{"name":"(anonymous_1)","decl":{"start":{"line":14,"column":14},"end":{"line":14,"column":15}},"loc":{"start":{"line":14,"column":22},"end":{"line":18,"column":5}},"line":14}},"branchMap":{},"s":{"0":3,"1":3,"2":3,"3":3,"4":3,"5":3,"6":3,"7":69,"8":69,"9":69,"10":3,"11":0,"12":3},"f":{"0":3,"1":69},"b":{},"_coverageSchema":"1a1c01bbd47fc00a2c39e90264f33305004495a9","hash":"e8895ad45d9bbbba2d882c0ff7f4d144e16cda0e"}
,"C:\\Hacktiv8 Bootcamp\\Phase3\\Final Project\\fsjs-t1-final-server\\services\\server2\\middlewares\\authentication.js": {"path":"C:\\Hacktiv8 Bootcamp\\Phase3\\Final Project\\fsjs-t1-final-server\\services\\server2\\middlewares\\authentication.js","statementMap":{"0":{"start":{"line":1,"column":16},"end":{"line":1,"column":34}},"1":{"start":{"line":2,"column":12},"end":{"line":2,"column":21}},"2":{"start":{"line":3,"column":17},"end":{"line":3,"column":43}},"3":{"start":{"line":4,"column":35},"end":{"line":4,"column":64}},"4":{"start":{"line":5,"column":14},"end":{"line":5,"column":30}},"5":{"start":{"line":6,"column":19},"end":{"line":6,"column":68}},"6":{"start":{"line":7,"column":0},"end":{"line":7,"column":47}},"7":{"start":{"line":8,"column":0},"end":{"line":8,"column":23}},"8":{"start":{"line":12,"column":4},"end":{"line":46,"column":7}},"9":{"start":{"line":14,"column":27},"end":{"line":14,"column":51}},"10":{"start":{"line":15,"column":8},"end":{"line":15,"column":40}},"11":{"start":{"line":16,"column":8},"end":{"line":18,"column":9}},"12":{"start":{"line":17,"column":10},"end":{"line":17,"column":40}},"13":{"start":{"line":21,"column":22},"end":{"line":21,"column":47}},"14":{"start":{"line":22,"column":8},"end":{"line":22,"column":61}},"15":{"start":{"line":24,"column":30},"end":{"line":28,"column":10}},"16":{"start":{"line":29,"column":8},"end":{"line":29,"column":43}},"17":{"start":{"line":32,"column":8},"end":{"line":34,"column":9}},"18":{"start":{"line":33,"column":10},"end":{"line":33,"column":40}},"19":{"start":{"line":35,"column":8},"end":{"line":39,"column":9}},"20":{"start":{"line":42,"column":8},"end":{"line":42,"column":14}},"21":{"start":{"line":44,"column":8},"end":{"line":44,"column":24}},"22":{"start":{"line":45,"column":8},"end":{"line":45,"column":17}},"23":{"start":{"line":50,"column":0},"end":{"line":50,"column":31}}},"fnMap":{"0":{"name":"authentication","decl":{"start":{"line":11,"column":15},"end":{"line":11,"column":29}},"loc":{"start":{"line":11,"column":46},"end":{"line":47,"column":1}},"line":11}},"branchMap":{"0":{"loc":{"start":{"line":6,"column":19},"end":{"line":6,"column":68}},"type":"binary-expr","locations":[{"start":{"line":6,"column":19},"end":{"line":6,"column":41}},{"start":{"line":6,"column":45},"end":{"line":6,"column":68}}],"line":6},"1":{"loc":{"start":{"line":16,"column":8},"end":{"line":18,"column":9}},"type":"if","locations":[{"start":{"line":16,"column":8},"end":{"line":18,"column":9}},{"start":{},"end":{}}],"line":16},"2":{"loc":{"start":{"line":32,"column":8},"end":{"line":34,"column":9}},"type":"if","locations":[{"start":{"line":32,"column":8},"end":{"line":34,"column":9}},{"start":{},"end":{}}],"line":32}},"s":{"0":7,"1":7,"2":7,"3":7,"4":7,"5":7,"6":7,"7":7,"8":40,"9":40,"10":40,"11":40,"12":2,"13":38,"14":38,"15":38,"16":38,"17":38,"18":0,"19":38,"20":38,"21":2,"22":2,"23":7},"f":{"0":40},"b":{"0":[7,7],"1":[2,38],"2":[0,38]},"_coverageSchema":"1a1c01bbd47fc00a2c39e90264f33305004495a9","hash":"8ff2c4b67a7453507cbbc7001e9e6a8b281dfeaf"}
,"C:\\Hacktiv8 Bootcamp\\Phase3\\Final Project\\fsjs-t1-final-server\\services\\server2\\middlewares\\errorHandler.js": {"path":"C:\\Hacktiv8 Bootcamp\\Phase3\\Final Project\\fsjs-t1-final-server\\services\\server2\\middlewares\\errorHandler.js","statementMap":{"0":{"start":{"line":1,"column":16},"end":{"line":1,"column":34}},"1":{"start":{"line":2,"column":12},"end":{"line":2,"column":21}},"2":{"start":{"line":3,"column":0},"end":{"line":3,"column":24}},"3":{"start":{"line":4,"column":0},"end":{"line":4,"column":48}},"4":{"start":{"line":7,"column":2},"end":{"line":31,"column":3}},"5":{"start":{"line":8,"column":4},"end":{"line":8,"column":60}},"6":{"start":{"line":9,"column":9},"end":{"line":31,"column":3}},"7":{"start":{"line":10,"column":4},"end":{"line":10,"column":61}},"8":{"start":{"line":11,"column":9},"end":{"line":31,"column":3}},"9":{"start":{"line":12,"column":4},"end":{"line":12,"column":55}},"10":{"start":{"line":13,"column":9},"end":{"line":31,"column":3}},"11":{"start":{"line":14,"column":4},"end":{"line":14,"column":61}},"12":{"start":{"line":15,"column":9},"end":{"line":31,"column":3}},"13":{"start":{"line":16,"column":4},"end":{"line":16,"column":65}},"14":{"start":{"line":17,"column":9},"end":{"line":31,"column":3}},"15":{"start":{"line":18,"column":4},"end":{"line":18,"column":59}},"16":{"start":{"line":19,"column":9},"end":{"line":31,"column":3}},"17":{"start":{"line":20,"column":4},"end":{"line":20,"column":62}},"18":{"start":{"line":21,"column":9},"end":{"line":31,"column":3}},"19":{"start":{"line":22,"column":4},"end":{"line":22,"column":55}},"20":{"start":{"line":23,"column":9},"end":{"line":31,"column":3}},"21":{"start":{"line":24,"column":4},"end":{"line":24,"column":64}},"22":{"start":{"line":25,"column":9},"end":{"line":31,"column":3}},"23":{"start":{"line":26,"column":4},"end":{"line":26,"column":64}},"24":{"start":{"line":27,"column":9},"end":{"line":31,"column":3}},"25":{"start":{"line":28,"column":4},"end":{"line":28,"column":78}},"26":{"start":{"line":30,"column":4},"end":{"line":30,"column":63}},"27":{"start":{"line":34,"column":0},"end":{"line":34,"column":30}}},"fnMap":{"0":{"name":"errorHandler","decl":{"start":{"line":6,"column":15},"end":{"line":6,"column":27}},"loc":{"start":{"line":6,"column":49},"end":{"line":32,"column":1}},"line":6}},"branchMap":{"0":{"loc":{"start":{"line":7,"column":2},"end":{"line":31,"column":3}},"type":"if","locations":[{"start":{"line":7,"column":2},"end":{"line":31,"column":3}},{"start":{"line":9,"column":9},"end":{"line":31,"column":3}}],"line":7},"1":{"loc":{"start":{"line":9,"column":9},"end":{"line":31,"column":3}},"type":"if","locations":[{"start":{"line":9,"column":9},"end":{"line":31,"column":3}},{"start":{"line":11,"column":9},"end":{"line":31,"column":3}}],"line":9},"2":{"loc":{"start":{"line":11,"column":9},"end":{"line":31,"column":3}},"type":"if","locations":[{"start":{"line":11,"column":9},"end":{"line":31,"column":3}},{"start":{"line":13,"column":9},"end":{"line":31,"column":3}}],"line":11},"3":{"loc":{"start":{"line":13,"column":9},"end":{"line":31,"column":3}},"type":"if","locations":[{"start":{"line":13,"column":9},"end":{"line":31,"column":3}},{"start":{"line":15,"column":9},"end":{"line":31,"column":3}}],"line":13},"4":{"loc":{"start":{"line":15,"column":9},"end":{"line":31,"column":3}},"type":"if","locations":[{"start":{"line":15,"column":9},"end":{"line":31,"column":3}},{"start":{"line":17,"column":9},"end":{"line":31,"column":3}}],"line":15},"5":{"loc":{"start":{"line":17,"column":9},"end":{"line":31,"column":3}},"type":"if","locations":[{"start":{"line":17,"column":9},"end":{"line":31,"column":3}},{"start":{"line":19,"column":9},"end":{"line":31,"column":3}}],"line":17},"6":{"loc":{"start":{"line":19,"column":9},"end":{"line":31,"column":3}},"type":"if","locations":[{"start":{"line":19,"column":9},"end":{"line":31,"column":3}},{"start":{"line":21,"column":9},"end":{"line":31,"column":3}}],"line":19},"7":{"loc":{"start":{"line":21,"column":9},"end":{"line":31,"column":3}},"type":"if","locations":[{"start":{"line":21,"column":9},"end":{"line":31,"column":3}},{"start":{"line":23,"column":9},"end":{"line":31,"column":3}}],"line":21},"8":{"loc":{"start":{"line":23,"column":9},"end":{"line":31,"column":3}},"type":"if","locations":[{"start":{"line":23,"column":9},"end":{"line":31,"column":3}},{"start":{"line":25,"column":9},"end":{"line":31,"column":3}}],"line":23},"9":{"loc":{"start":{"line":25,"column":9},"end":{"line":31,"column":3}},"type":"if","locations":[{"start":{"line":25,"column":9},"end":{"line":31,"column":3}},{"start":{"line":27,"column":9},"end":{"line":31,"column":3}}],"line":25},"10":{"loc":{"start":{"line":27,"column":9},"end":{"line":31,"column":3}},"type":"if","locations":[{"start":{"line":27,"column":9},"end":{"line":31,"column":3}},{"start":{"line":29,"column":9},"end":{"line":31,"column":3}}],"line":27}},"s":{"0":7,"1":7,"2":7,"3":7,"4":33,"5":17,"6":16,"7":13,"8":3,"9":0,"10":3,"11":0,"12":3,"13":0,"14":3,"15":0,"16":3,"17":0,"18":3,"19":2,"20":1,"21":0,"22":1,"23":1,"24":0,"25":0,"26":0,"27":7},"f":{"0":33},"b":{"0":[17,16],"1":[13,3],"2":[0,3],"3":[0,3],"4":[0,3],"5":[0,3],"6":[0,3],"7":[2,1],"8":[0,1],"9":[1,0],"10":[0,0]},"_coverageSchema":"1a1c01bbd47fc00a2c39e90264f33305004495a9","hash":"d280185c61d2a11491166e4fee8ac9e2fd718b7a"}
,"C:\\Hacktiv8 Bootcamp\\Phase3\\Final Project\\fsjs-t1-final-server\\services\\server2\\middlewares\\jwt.js": {"path":"C:\\Hacktiv8 Bootcamp\\Phase3\\Final Project\\fsjs-t1-final-server\\services\\server2\\middlewares\\jwt.js","statementMap":{"0":{"start":{"line":1,"column":12},"end":{"line":1,"column":35}},"1":{"start":{"line":2,"column":15},"end":{"line":2,"column":33}},"2":{"start":{"line":5,"column":4},"end":{"line":5,"column":36}},"3":{"start":{"line":9,"column":4},"end":{"line":9,"column":36}},"4":{"start":{"line":12,"column":0},"end":{"line":12,"column":43}}},"fnMap":{"0":{"name":"createToken","decl":{"start":{"line":4,"column":9},"end":{"line":4,"column":20}},"loc":{"start":{"line":4,"column":31},"end":{"line":6,"column":1}},"line":4},"1":{"name":"decodeToken","decl":{"start":{"line":8,"column":9},"end":{"line":8,"column":20}},"loc":{"start":{"line":8,"column":29},"end":{"line":10,"column":1}},"line":8}},"branchMap":{},"s":{"0":7,"1":7,"2":4,"3":38,"4":7},"f":{"0":4,"1":38},"b":{},"_coverageSchema":"1a1c01bbd47fc00a2c39e90264f33305004495a9","hash":"4c3951d102e3eb76717bbaebc1685dc6409b3af3"}
,"C:\\Hacktiv8 Bootcamp\\Phase3\\Final Project\\fsjs-t1-final-server\\services\\server2\\models\\action.js": {"path":"C:\\Hacktiv8 Bootcamp\\Phase3\\Final Project\\fsjs-t1-final-server\\services\\server2\\models\\action.js","statementMap":{"0":{"start":{"line":2,"column":18},"end":{"line":2,"column":38}},"1":{"start":{"line":3,"column":0},"end":{"line":49,"column":2}},"2":{"start":{"line":11,"column":6},"end":{"line":11,"column":45}},"3":{"start":{"line":12,"column":6},"end":{"line":12,"column":39}},"4":{"start":{"line":15,"column":2},"end":{"line":47,"column":4}},"5":{"start":{"line":48,"column":2},"end":{"line":48,"column":16}}},"fnMap":{"0":{"name":"(anonymous_0)","decl":{"start":{"line":3,"column":17},"end":{"line":3,"column":18}},"loc":{"start":{"line":3,"column":43},"end":{"line":49,"column":1}},"line":3},"1":{"name":"(anonymous_1)","decl":{"start":{"line":10,"column":4},"end":{"line":10,"column":5}},"loc":{"start":{"line":10,"column":29},"end":{"line":13,"column":5}},"line":10}},"branchMap":{},"s":{"0":7,"1":7,"2":7,"3":7,"4":7,"5":7},"f":{"0":7,"1":7},"b":{},"_coverageSchema":"1a1c01bbd47fc00a2c39e90264f33305004495a9","hash":"48701cfe52fa87c160dff57befa6c9b9c2ee88bc"}
,"C:\\Hacktiv8 Bootcamp\\Phase3\\Final Project\\fsjs-t1-final-server\\services\\server2\\models\\doctor.js": {"path":"C:\\Hacktiv8 Bootcamp\\Phase3\\Final Project\\fsjs-t1-final-server\\services\\server2\\models\\doctor.js","statementMap":{"0":{"start":{"line":4,"column":4},"end":{"line":4,"column":24}},"1":{"start":{"line":5,"column":0},"end":{"line":59,"column":2}},"2":{"start":{"line":13,"column":6},"end":{"line":13,"column":38}},"3":{"start":{"line":14,"column":6},"end":{"line":14,"column":43}},"4":{"start":{"line":15,"column":6},"end":{"line":15,"column":42}},"5":{"start":{"line":20,"column":2},"end":{"line":57,"column":5}},"6":{"start":{"line":58,"column":2},"end":{"line":58,"column":16}}},"fnMap":{"0":{"name":"(anonymous_0)","decl":{"start":{"line":5,"column":17},"end":{"line":5,"column":18}},"loc":{"start":{"line":5,"column":43},"end":{"line":59,"column":1}},"line":5},"1":{"name":"(anonymous_1)","decl":{"start":{"line":12,"column":4},"end":{"line":12,"column":5}},"loc":{"start":{"line":12,"column":29},"end":{"line":18,"column":5}},"line":12}},"branchMap":{},"s":{"0":7,"1":7,"2":7,"3":7,"4":7,"5":7,"6":7},"f":{"0":7,"1":7},"b":{},"_coverageSchema":"1a1c01bbd47fc00a2c39e90264f33305004495a9","hash":"4c49d490017b510989f7a3e90ae011b301510273"}
,"C:\\Hacktiv8 Bootcamp\\Phase3\\Final Project\\fsjs-t1-final-server\\services\\server2\\models\\doctorschedule.js": {"path":"C:\\Hacktiv8 Bootcamp\\Phase3\\Final Project\\fsjs-t1-final-server\\services\\server2\\models\\doctorschedule.js","statementMap":{"0":{"start":{"line":4,"column":4},"end":{"line":4,"column":24}},"1":{"start":{"line":5,"column":0},"end":{"line":66,"column":2}},"2":{"start":{"line":13,"column":6},"end":{"line":13,"column":46}},"3":{"start":{"line":14,"column":6},"end":{"line":14,"column":45}},"4":{"start":{"line":15,"column":6},"end":{"line":15,"column":47}},"5":{"start":{"line":20,"column":2},"end":{"line":64,"column":5}},"6":{"start":{"line":65,"column":2},"end":{"line":65,"column":24}}},"fnMap":{"0":{"name":"(anonymous_0)","decl":{"start":{"line":5,"column":17},"end":{"line":5,"column":18}},"loc":{"start":{"line":5,"column":43},"end":{"line":66,"column":1}},"line":5},"1":{"name":"(anonymous_1)","decl":{"start":{"line":12,"column":4},"end":{"line":12,"column":5}},"loc":{"start":{"line":12,"column":29},"end":{"line":18,"column":5}},"line":12}},"branchMap":{},"s":{"0":7,"1":7,"2":7,"3":7,"4":7,"5":7,"6":7},"f":{"0":7,"1":7},"b":{},"_coverageSchema":"1a1c01bbd47fc00a2c39e90264f33305004495a9","hash":"e8d306386316ecadc2dc8163162aa8161eed0d7a"}
,"C:\\Hacktiv8 Bootcamp\\Phase3\\Final Project\\fsjs-t1-final-server\\services\\server2\\models\\index.js": {"path":"C:\\Hacktiv8 Bootcamp\\Phase3\\Final Project\\fsjs-t1-final-server\\services\\server2\\models\\index.js","statementMap":{"0":{"start":{"line":3,"column":11},"end":{"line":3,"column":24}},"1":{"start":{"line":4,"column":13},"end":{"line":4,"column":28}},"2":{"start":{"line":5,"column":18},"end":{"line":5,"column":38}},"3":{"start":{"line":6,"column":16},"end":{"line":6,"column":34}},"4":{"start":{"line":7,"column":17},"end":{"line":7,"column":42}},"5":{"start":{"line":8,"column":12},"end":{"line":8,"column":49}},"6":{"start":{"line":9,"column":15},"end":{"line":9,"column":65}},"7":{"start":{"line":10,"column":11},"end":{"line":10,"column":13}},"8":{"start":{"line":13,"column":0},"end":{"line":17,"column":1}},"9":{"start":{"line":14,"column":2},"end":{"line":14,"column":74}},"10":{"start":{"line":16,"column":2},"end":{"line":16,"column":87}},"11":{"start":{"line":19,"column":0},"end":{"line":32,"column":5}},"12":{"start":{"line":22,"column":4},"end":{"line":27,"column":6}},"13":{"start":{"line":30,"column":18},"end":{"line":30,"column":85}},"14":{"start":{"line":31,"column":4},"end":{"line":31,"column":27}},"15":{"start":{"line":34,"column":0},"end":{"line":38,"column":3}},"16":{"start":{"line":35,"column":2},"end":{"line":37,"column":3}},"17":{"start":{"line":36,"column":4},"end":{"line":36,"column":32}},"18":{"start":{"line":40,"column":0},"end":{"line":40,"column":25}},"19":{"start":{"line":41,"column":0},"end":{"line":41,"column":25}},"20":{"start":{"line":43,"column":0},"end":{"line":43,"column":20}}},"fnMap":{"0":{"name":"(anonymous_0)","decl":{"start":{"line":21,"column":10},"end":{"line":21,"column":11}},"loc":{"start":{"line":21,"column":18},"end":{"line":28,"column":3}},"line":21},"1":{"name":"(anonymous_1)","decl":{"start":{"line":29,"column":11},"end":{"line":29,"column":12}},"loc":{"start":{"line":29,"column":19},"end":{"line":32,"column":3}},"line":29},"2":{"name":"(anonymous_2)","decl":{"start":{"line":34,"column":24},"end":{"line":34,"column":25}},"loc":{"start":{"line":34,"column":37},"end":{"line":38,"column":1}},"line":34}},"branchMap":{"0":{"loc":{"start":{"line":8,"column":12},"end":{"line":8,"column":49}},"type":"binary-expr","locations":[{"start":{"line":8,"column":12},"end":{"line":8,"column":32}},{"start":{"line":8,"column":36},"end":{"line":8,"column":49}}],"line":8},"1":{"loc":{"start":{"line":13,"column":0},"end":{"line":17,"column":1}},"type":"if","locations":[{"start":{"line":13,"column":0},"end":{"line":17,"column":1}},{"start":{"line":15,"column":7},"end":{"line":17,"column":1}}],"line":13},"2":{"loc":{"start":{"line":23,"column":6},"end":{"line":26,"column":37}},"type":"binary-expr","locations":[{"start":{"line":23,"column":6},"end":{"line":23,"column":29}},{"start":{"line":24,"column":6},"end":{"line":24,"column":23}},{"start":{"line":25,"column":6},"end":{"line":25,"column":30}},{"start":{"line":26,"column":6},"end":{"line":26,"column":37}}],"line":23},"3":{"loc":{"start":{"line":35,"column":2},"end":{"line":37,"column":3}},"type":"if","locations":[{"start":{"line":35,"column":2},"end":{"line":37,"column":3}},{"start":{},"end":{}}],"line":35}},"s":{"0":7,"1":7,"2":7,"3":7,"4":7,"5":7,"6":7,"7":7,"8":7,"9":0,"10":7,"11":7,"12":63,"13":56,"14":56,"15":7,"16":56,"17":56,"18":7,"19":7,"20":7},"f":{"0":63,"1":56,"2":56},"b":{"0":[7,0],"1":[0,7],"2":[63,63,56,56],"3":[56,0]},"_coverageSchema":"1a1c01bbd47fc00a2c39e90264f33305004495a9","hash":"8568d364886744a3273ed3576b0082d827cf0d63"}
,"C:\\Hacktiv8 Bootcamp\\Phase3\\Final Project\\fsjs-t1-final-server\\services\\server2\\models\\medicalrecord.js": {"path":"C:\\Hacktiv8 Bootcamp\\Phase3\\Final Project\\fsjs-t1-final-server\\services\\server2\\models\\medicalrecord.js","statementMap":{"0":{"start":{"line":4,"column":4},"end":{"line":4,"column":24}},"1":{"start":{"line":5,"column":0},"end":{"line":60,"column":2}},"2":{"start":{"line":14,"column":6},"end":{"line":14,"column":42}},"3":{"start":{"line":15,"column":6},"end":{"line":15,"column":44}},"4":{"start":{"line":16,"column":6},"end":{"line":16,"column":49}},"5":{"start":{"line":17,"column":6},"end":{"line":17,"column":45}},"6":{"start":{"line":21,"column":2},"end":{"line":58,"column":5}},"7":{"start":{"line":59,"column":2},"end":{"line":59,"column":23}}},"fnMap":{"0":{"name":"(anonymous_0)","decl":{"start":{"line":5,"column":17},"end":{"line":5,"column":18}},"loc":{"start":{"line":5,"column":43},"end":{"line":60,"column":1}},"line":5},"1":{"name":"(anonymous_1)","decl":{"start":{"line":12,"column":4},"end":{"line":12,"column":5}},"loc":{"start":{"line":12,"column":29},"end":{"line":19,"column":5}},"line":12}},"branchMap":{},"s":{"0":7,"1":7,"2":7,"3":7,"4":7,"5":7,"6":7,"7":7},"f":{"0":7,"1":7},"b":{},"_coverageSchema":"1a1c01bbd47fc00a2c39e90264f33305004495a9","hash":"ccc3eafd37da5d07a79a9dc47bdcec22ff61fff2"}
,"C:\\Hacktiv8 Bootcamp\\Phase3\\Final Project\\fsjs-t1-final-server\\services\\server2\\models\\petschedule.js": {"path":"C:\\Hacktiv8 Bootcamp\\Phase3\\Final Project\\fsjs-t1-final-server\\services\\server2\\models\\petschedule.js","statementMap":{"0":{"start":{"line":4,"column":4},"end":{"line":4,"column":24}},"1":{"start":{"line":5,"column":0},"end":{"line":53,"column":2}},"2":{"start":{"line":13,"column":6},"end":{"line":13,"column":43}},"3":{"start":{"line":14,"column":6},"end":{"line":14,"column":50}},"4":{"start":{"line":15,"column":6},"end":{"line":15,"column":46}},"5":{"start":{"line":18,"column":2},"end":{"line":48,"column":5}},"6":{"start":{"line":49,"column":2},"end":{"line":51,"column":4}},"7":{"start":{"line":50,"column":4},"end":{"line":50,"column":28}},"8":{"start":{"line":52,"column":2},"end":{"line":52,"column":21}}},"fnMap":{"0":{"name":"(anonymous_0)","decl":{"start":{"line":5,"column":17},"end":{"line":5,"column":18}},"loc":{"start":{"line":5,"column":43},"end":{"line":53,"column":1}},"line":5},"1":{"name":"(anonymous_1)","decl":{"start":{"line":12,"column":4},"end":{"line":12,"column":5}},"loc":{"start":{"line":12,"column":29},"end":{"line":16,"column":5}},"line":12},"2":{"name":"(anonymous_2)","decl":{"start":{"line":49,"column":27},"end":{"line":49,"column":28}},"loc":{"start":{"line":49,"column":43},"end":{"line":51,"column":3}},"line":49}},"branchMap":{},"s":{"0":7,"1":7,"2":7,"3":7,"4":7,"5":7,"6":7,"7":1,"8":7},"f":{"0":7,"1":7,"2":1},"b":{},"_coverageSchema":"1a1c01bbd47fc00a2c39e90264f33305004495a9","hash":"355aa906335951cd66c3dc5854cb9ec44bd5cbf2"}
,"C:\\Hacktiv8 Bootcamp\\Phase3\\Final Project\\fsjs-t1-final-server\\services\\server2\\models\\petshop.js": {"path":"C:\\Hacktiv8 Bootcamp\\Phase3\\Final Project\\fsjs-t1-final-server\\services\\server2\\models\\petshop.js","statementMap":{"0":{"start":{"line":4,"column":4},"end":{"line":4,"column":24}},"1":{"start":{"line":5,"column":0},"end":{"line":49,"column":2}},"2":{"start":{"line":13,"column":6},"end":{"line":13,"column":36}},"3":{"start":{"line":14,"column":6},"end":{"line":14,"column":44}},"4":{"start":{"line":15,"column":6},"end":{"line":15,"column":34}},"5":{"start":{"line":16,"column":6},"end":{"line":16,"column":64}},"6":{"start":{"line":17,"column":6},"end":{"line":17,"column":41}},"7":{"start":{"line":18,"column":6},"end":{"line":18,"column":43}},"8":{"start":{"line":24,"column":2},"end":{"line":47,"column":5}},"9":{"start":{"line":48,"column":2},"end":{"line":48,"column":17}}},"fnMap":{"0":{"name":"(anonymous_0)","decl":{"start":{"line":5,"column":17},"end":{"line":5,"column":18}},"loc":{"start":{"line":5,"column":43},"end":{"line":49,"column":1}},"line":5},"1":{"name":"(anonymous_1)","decl":{"start":{"line":12,"column":4},"end":{"line":12,"column":5}},"loc":{"start":{"line":12,"column":29},"end":{"line":22,"column":5}},"line":12}},"branchMap":{},"s":{"0":7,"1":7,"2":7,"3":7,"4":7,"5":7,"6":7,"7":7,"8":7,"9":7},"f":{"0":7,"1":7},"b":{},"_coverageSchema":"1a1c01bbd47fc00a2c39e90264f33305004495a9","hash":"cd2a38aef3939626fbca384637547be8e8100559"}
,"C:\\Hacktiv8 Bootcamp\\Phase3\\Final Project\\fsjs-t1-final-server\\services\\server2\\models\\post.js": {"path":"C:\\Hacktiv8 Bootcamp\\Phase3\\Final Project\\fsjs-t1-final-server\\services\\server2\\models\\post.js","statementMap":{"0":{"start":{"line":4,"column":4},"end":{"line":4,"column":24}},"1":{"start":{"line":5,"column":0},"end":{"line":52,"column":2}},"2":{"start":{"line":13,"column":6},"end":{"line":13,"column":36}},"3":{"start":{"line":16,"column":2},"end":{"line":46,"column":5}},"4":{"start":{"line":48,"column":2},"end":{"line":50,"column":4}},"5":{"start":{"line":49,"column":4},"end":{"line":49,"column":26}},"6":{"start":{"line":51,"column":2},"end":{"line":51,"column":14}}},"fnMap":{"0":{"name":"(anonymous_0)","decl":{"start":{"line":5,"column":17},"end":{"line":5,"column":18}},"loc":{"start":{"line":5,"column":43},"end":{"line":52,"column":1}},"line":5},"1":{"name":"(anonymous_1)","decl":{"start":{"line":12,"column":4},"end":{"line":12,"column":5}},"loc":{"start":{"line":12,"column":29},"end":{"line":14,"column":5}},"line":12},"2":{"name":"(anonymous_2)","decl":{"start":{"line":48,"column":20},"end":{"line":48,"column":21}},"loc":{"start":{"line":48,"column":37},"end":{"line":50,"column":3}},"line":48}},"branchMap":{},"s":{"0":7,"1":7,"2":7,"3":7,"4":7,"5":1,"6":7},"f":{"0":7,"1":7,"2":1},"b":{},"_coverageSchema":"1a1c01bbd47fc00a2c39e90264f33305004495a9","hash":"475507aa6104fc1d2efb760f0e88f4185d2526e5"}
,"C:\\Hacktiv8 Bootcamp\\Phase3\\Final Project\\fsjs-t1-final-server\\services\\server2\\models\\service.js": {"path":"C:\\Hacktiv8 Bootcamp\\Phase3\\Final Project\\fsjs-t1-final-server\\services\\server2\\models\\service.js","statementMap":{"0":{"start":{"line":4,"column":4},"end":{"line":4,"column":24}},"1":{"start":{"line":5,"column":0},"end":{"line":57,"column":2}},"2":{"start":{"line":14,"column":6},"end":{"line":14,"column":66}},"3":{"start":{"line":15,"column":6},"end":{"line":15,"column":35}},"4":{"start":{"line":18,"column":2},"end":{"line":55,"column":5}},"5":{"start":{"line":56,"column":2},"end":{"line":56,"column":17}}},"fnMap":{"0":{"name":"(anonymous_0)","decl":{"start":{"line":5,"column":17},"end":{"line":5,"column":18}},"loc":{"start":{"line":5,"column":43},"end":{"line":57,"column":1}},"line":5},"1":{"name":"(anonymous_1)","decl":{"start":{"line":12,"column":4},"end":{"line":12,"column":5}},"loc":{"start":{"line":12,"column":29},"end":{"line":16,"column":5}},"line":12}},"branchMap":{},"s":{"0":7,"1":7,"2":7,"3":7,"4":7,"5":7},"f":{"0":7,"1":7},"b":{},"_coverageSchema":"1a1c01bbd47fc00a2c39e90264f33305004495a9","hash":"ef0bce96ebf684ca4696e4dc42f90fac9cc972e4"}
}
