TN:
SF:app.js
FNF:0
FNH:0
DA:1,7
DA:2,7
DA:5,7
DA:6,7
DA:7,7
DA:8,7
DA:10,7
DA:11,7
DA:12,7
DA:14,7
DA:15,7
DA:16,7
DA:17,7
DA:18,7
DA:19,7
DA:20,7
DA:26,7
DA:27,7
DA:28,7
DA:29,7
DA:30,7
DA:33,7
DA:34,7
DA:35,7
DA:37,7
DA:40,7
DA:41,7
DA:42,7
DA:43,7
DA:46,7
DA:49,7
DA:50,7
DA:51,7
DA:52,7
DA:53,7
DA:57,7
DA:58,7
DA:59,7
DA:60,7
DA:61,7
DA:64,7
DA:65,7
DA:66,7
DA:67,7
DA:72,7
DA:73,7
DA:74,7
DA:80,7
DA:86,7
LF:49
LH:49
BRDA:1,0,0,7
BRDA:1,0,1,0
BRDA:8,1,0,7
BRDA:8,1,1,7
BRF:4
BRH:3
end_of_record
TN:
SF:controllers\controller.js
FN:20,(anonymous_0)
FN:50,(anonymous_1)
FN:89,(anonymous_2)
FN:122,(anonymous_3)
FN:144,(anonymous_4)
FN:189,(anonymous_5)
FN:210,(anonymous_6)
FN:230,(anonymous_7)
FN:257,(anonymous_8)
FN:302,(anonymous_9)
FN:338,(anonymous_10)
FN:361,(anonymous_11)
FN:391,(anonymous_12)
FN:416,(anonymous_13)
FN:449,(anonymous_14)
FN:469,(anonymous_15)
FN:491,(anonymous_16)
FN:531,(anonymous_17)
FN:552,(anonymous_18)
FN:579,(anonymous_19)
FN:598,(anonymous_20)
FN:619,(anonymous_21)
FN:656,(anonymous_22)
FN:677,(anonymous_23)
FN:707,(anonymous_24)
FN:726,(anonymous_25)
FN:763,(anonymous_26)
FN:784,(anonymous_27)
FN:803,(anonymous_28)
FN:821,(anonymous_29)
FNF:30
FNH:29
FNDA:2,(anonymous_0)
FNDA:3,(anonymous_1)
FNDA:5,(anonymous_2)
FNDA:2,(anonymous_3)
FNDA:2,(anonymous_4)
FNDA:1,(anonymous_5)
FNDA:2,(anonymous_6)
FNDA:2,(anonymous_7)
FNDA:0,(anonymous_8)
FNDA:2,(anonymous_9)
FNDA:2,(anonymous_10)
FNDA:2,(anonymous_11)
FNDA:2,(anonymous_12)
FNDA:4,(anonymous_13)
FNDA:2,(anonymous_14)
FNDA:2,(anonymous_15)
FNDA:2,(anonymous_16)
FNDA:2,(anonymous_17)
FNDA:3,(anonymous_18)
FNDA:2,(anonymous_19)
FNDA:2,(anonymous_20)
FNDA:2,(anonymous_21)
FNDA:2,(anonymous_22)
FNDA:4,(anonymous_23)
FNDA:2,(anonymous_24)
FNDA:2,(anonymous_25)
FNDA:2,(anonymous_26)
FNDA:2,(anonymous_27)
FNDA:1,(anonymous_28)
FNDA:2,(anonymous_29)
DA:10,7
DA:11,7
DA:12,7
DA:13,7
DA:14,7
DA:15,7
DA:21,2
DA:23,2
DA:25,2
DA:26,2
DA:27,0
DA:28,0
DA:32,2
DA:43,1
DA:45,1
DA:46,1
DA:51,3
DA:52,3
DA:53,3
DA:55,3
DA:56,3
DA:57,1
DA:60,2
DA:61,2
DA:62,0
DA:63,0
DA:67,2
DA:82,1
DA:84,2
DA:85,2
DA:90,5
DA:92,5
DA:94,5
DA:95,5
DA:103,5
DA:104,2
DA:106,5
DA:107,2
DA:112,5
DA:114,5
DA:115,5
DA:117,0
DA:118,0
DA:123,2
DA:124,2
DA:128,2
DA:129,2
DA:133,2
DA:134,1
DA:137,1
DA:139,1
DA:140,1
DA:145,2
DA:148,2
DA:149,2
DA:150,2
DA:152,2
DA:180,2
DA:181,2
DA:183,0
DA:184,0
DA:190,1
DA:191,1
DA:193,1
DA:203,1
DA:205,0
DA:206,0
DA:211,2
DA:212,2
DA:214,2
DA:222,1
DA:224,1
DA:225,1
DA:231,2
DA:232,2
DA:233,2
DA:235,2
DA:236,2
DA:237,2
DA:238,0
DA:239,0
DA:242,2
DA:248,1
DA:249,1
DA:251,1
DA:252,1
DA:258,0
DA:260,0
DA:261,0
DA:266,0
DA:271,0
DA:272,0
DA:274,0
DA:288,0
DA:294,0
DA:296,0
DA:297,0
DA:303,2
DA:304,2
DA:305,2
DA:308,2
DA:319,2
DA:320,1
DA:323,1
DA:331,1
DA:333,1
DA:334,1
DA:340,2
DA:341,2
DA:343,2
DA:350,2
DA:351,1
DA:354,1
DA:356,1
DA:357,1
DA:362,2
DA:363,2
DA:364,2
DA:366,2
DA:367,2
DA:368,1
DA:371,1
DA:384,1
DA:386,1
DA:387,1
DA:392,2
DA:393,2
DA:394,2
DA:395,2
DA:397,2
DA:398,1
DA:401,1
DA:407,1
DA:409,1
DA:410,1
DA:417,4
DA:420,4
DA:421,4
DA:422,0
DA:425,0
DA:434,4
DA:442,1
DA:445,3
DA:450,2
DA:451,2
DA:453,2
DA:454,1
DA:456,1
DA:462,1
DA:465,1
DA:470,2
DA:472,2
DA:474,2
DA:475,1
DA:477,1
DA:484,1
DA:487,1
DA:492,2
DA:493,2
DA:494,2
DA:495,0
DA:496,0
DA:497,0
DA:500,2
DA:501,2
DA:502,1
DA:505,1
DA:522,1
DA:526,1
DA:527,1
DA:532,2
DA:533,2
DA:534,2
DA:535,1
DA:538,1
DA:545,1
DA:548,1
DA:553,3
DA:558,3
DA:559,3
DA:560,0
DA:563,0
DA:566,3
DA:572,1
DA:575,2
DA:580,2
DA:581,2
DA:582,2
DA:583,1
DA:585,1
DA:591,1
DA:593,1
DA:594,1
DA:599,2
DA:600,2
DA:601,2
DA:602,1
DA:605,1
DA:612,1
DA:615,1
DA:620,2
DA:621,2
DA:622,2
DA:623,0
DA:624,0
DA:625,0
DA:628,2
DA:629,2
DA:630,1
DA:633,1
DA:649,1
DA:651,1
DA:652,1
DA:657,2
DA:658,2
DA:659,2
DA:660,1
DA:663,1
DA:670,1
DA:673,1
DA:678,4
DA:685,4
DA:686,4
DA:687,0
DA:690,0
DA:694,4
DA:701,1
DA:704,3
DA:708,2
DA:709,2
DA:711,2
DA:712,1
DA:714,1
DA:720,1
DA:723,1
DA:727,2
DA:728,2
DA:729,2
DA:730,0
DA:732,0
DA:735,2
DA:737,2
DA:738,1
DA:741,1
DA:757,1
DA:760,1
DA:764,2
DA:765,2
DA:766,2
DA:767,1
DA:770,1
DA:777,1
DA:780,1
DA:785,2
DA:786,2
DA:790,2
DA:796,1
DA:799,1
DA:804,1
DA:806,1
DA:814,1
DA:816,0
DA:817,0
DA:822,2
DA:823,2
DA:825,2
DA:826,1
DA:829,1
DA:837,1
DA:839,1
DA:840,1
DA:845,7
LF:272
LH:233
BRDA:26,0,0,0
BRDA:26,0,1,2
BRDA:56,1,0,1
BRDA:56,1,1,2
BRDA:61,2,0,0
BRDA:61,2,1,2
BRDA:103,3,0,2
BRDA:103,3,1,3
BRDA:106,4,0,2
BRDA:106,4,1,3
BRDA:133,5,0,1
BRDA:133,5,1,1
BRDA:237,6,0,0
BRDA:237,6,1,2
BRDA:319,7,0,1
BRDA:319,7,1,1
BRDA:350,8,0,1
BRDA:350,8,1,1
BRDA:367,9,0,1
BRDA:367,9,1,1
BRDA:397,10,0,1
BRDA:397,10,1,1
BRDA:421,11,0,0
BRDA:421,11,1,4
BRDA:453,12,0,1
BRDA:453,12,1,1
BRDA:474,13,0,1
BRDA:474,13,1,1
BRDA:494,14,0,0
BRDA:494,14,1,2
BRDA:501,15,0,1
BRDA:501,15,1,1
BRDA:534,16,0,1
BRDA:534,16,1,1
BRDA:559,17,0,0
BRDA:559,17,1,3
BRDA:582,18,0,1
BRDA:582,18,1,1
BRDA:601,19,0,1
BRDA:601,19,1,1
BRDA:622,20,0,0
BRDA:622,20,1,2
BRDA:629,21,0,1
BRDA:629,21,1,1
BRDA:659,22,0,1
BRDA:659,22,1,1
BRDA:686,23,0,0
BRDA:686,23,1,4
BRDA:711,24,0,1
BRDA:711,24,1,1
BRDA:729,25,0,0
BRDA:729,25,1,2
BRDA:737,26,0,1
BRDA:737,26,1,1
BRDA:766,27,0,1
BRDA:766,27,1,1
BRDA:825,28,0,1
BRDA:825,28,1,1
BRF:58
BRH:49
end_of_record
TN:
SF:helpers\imageKit.js
FN:4,ImageCloud
FNF:1
FNH:0
FNDA:0,ImageCloud
DA:1,7
DA:2,7
DA:5,0
DA:6,0
DA:7,0
DA:10,0
DA:12,0
DA:21,0
DA:24,7
LF:9
LH:3
BRF:0
BRH:0
end_of_record
TN:
SF:helpers\multer.js
FNF:0
FNH:0
DA:1,7
DA:2,7
DA:4,7
DA:5,7
DA:17,7
LF:5
LH:5
BRF:0
BRH:0
end_of_record
TN:
SF:library\seedAction.js
FN:5,seedAction
FN:14,(anonymous_1)
FNF:2
FNH:2
FNDA:1,seedAction
FNDA:2,(anonymous_1)
DA:1,1
DA:2,1
DA:3,1
DA:6,1
DA:7,1
DA:13,1
DA:14,1
DA:15,2
DA:16,2
DA:17,2
DA:18,2
DA:21,1
DA:23,0
DA:27,1
LF:14
LH:13
BRF:0
BRH:0
end_of_record
TN:
SF:library\seedDoctor.js
FN:6,seedDoctor
FN:12,(anonymous_1)
FNF:2
FNH:2
FNDA:4,seedDoctor
FNDA:24,(anonymous_1)
DA:1,5
DA:2,5
DA:3,5
DA:4,5
DA:7,4
DA:8,4
DA:11,4
DA:12,4
DA:13,24
DA:17,4
DA:19,4
DA:20,4
DA:24,0
DA:28,5
LF:14
LH:13
BRF:0
BRH:0
end_of_record
TN:
SF:library\seedDoctorSchedule.js
FN:5,seedDocSched
FN:11,(anonymous_1)
FNF:2
FNH:2
FNDA:6,seedDocSched
FNDA:48,(anonymous_1)
DA:1,6
DA:2,6
DA:3,6
DA:6,6
DA:7,6
DA:10,6
DA:11,6
DA:12,48
DA:16,6
DA:19,0
DA:23,6
LF:11
LH:10
BRF:0
BRH:0
end_of_record
TN:
SF:library\seedMedicalRecord.js
FN:5,seedMedicalRecord
FN:14,(anonymous_1)
FNF:2
FNH:2
FNDA:1,seedMedicalRecord
FNDA:1,(anonymous_1)
DA:1,1
DA:2,1
DA:3,1
DA:6,1
DA:7,1
DA:13,1
DA:14,1
DA:15,1
DA:16,1
DA:17,1
DA:18,1
DA:21,1
DA:23,0
DA:27,1
LF:14
LH:13
BRF:0
BRH:0
end_of_record
TN:
SF:library\seedPetSchedule.js
FN:5,seedPetSchedule
FN:16,(anonymous_1)
FNF:2
FNH:2
FNDA:1,seedPetSchedule
FNDA:3,(anonymous_1)
DA:1,1
DA:2,1
DA:3,1
DA:6,1
DA:7,1
DA:15,1
DA:16,1
DA:17,3
DA:18,3
DA:19,3
DA:22,1
DA:24,1
DA:28,0
DA:32,1
LF:14
LH:13
BRF:0
BRH:0
end_of_record
TN:
SF:library\seedPetshops.js
FN:6,seedPetshop
FN:16,(anonymous_1)
FNF:2
FNH:2
FNDA:7,seedPetshop
FNDA:21,(anonymous_1)
DA:1,7
DA:2,7
DA:3,7
DA:4,7
DA:7,7
DA:8,7
DA:15,7
DA:16,7
DA:17,21
DA:18,21
DA:26,7
DA:28,0
DA:32,7
LF:13
LH:12
BRF:0
BRH:0
end_of_record
TN:
SF:library\seedPost.js
FN:5,seedPost
FN:11,(anonymous_1)
FNF:2
FNH:2
FNDA:1,seedPost
FNDA:2,(anonymous_1)
DA:1,1
DA:2,1
DA:3,1
DA:6,1
DA:7,1
DA:10,1
DA:11,1
DA:12,2
DA:16,1
DA:18,0
DA:22,1
LF:11
LH:10
BRF:0
BRH:0
end_of_record
TN:
SF:library\seedService.js
FN:5,seedService
FN:14,(anonymous_1)
FNF:2
FNH:2
FNDA:3,seedService
FNDA:69,(anonymous_1)
DA:1,3
DA:2,3
DA:3,3
DA:6,3
DA:7,3
DA:13,3
DA:14,3
DA:15,69
DA:16,69
DA:17,69
DA:20,3
DA:22,0
DA:26,3
LF:13
LH:12
BRF:0
BRH:0
end_of_record
TN:
SF:middlewares\authentication.js
FN:11,authentication
FNF:1
FNH:1
FNDA:40,authentication
DA:1,7
DA:2,7
DA:3,7
DA:4,7
DA:5,7
DA:6,7
DA:7,7
DA:8,7
DA:12,40
DA:14,40
DA:15,40
DA:16,40
DA:17,2
DA:21,38
DA:22,38
DA:24,38
DA:29,38
DA:32,38
DA:33,0
DA:35,38
DA:42,38
DA:44,2
DA:45,2
DA:50,7
LF:24
LH:23
BRDA:6,0,0,7
BRDA:6,0,1,7
BRDA:16,1,0,2
BRDA:16,1,1,38
BRDA:32,2,0,0
BRDA:32,2,1,38
BRF:6
BRH:5
end_of_record
TN:
SF:middlewares\errorHandler.js
FN:6,errorHandler
FNF:1
FNH:1
FNDA:33,errorHandler
DA:1,7
DA:2,7
DA:3,7
DA:4,7
DA:7,33
DA:8,17
DA:9,16
DA:10,13
DA:11,3
DA:12,0
DA:13,3
DA:14,0
DA:15,3
DA:16,0
DA:17,3
DA:18,0
DA:19,3
DA:20,0
DA:21,3
DA:22,2
DA:23,1
DA:24,0
DA:25,1
DA:26,1
DA:27,0
DA:28,0
DA:30,0
DA:34,7
LF:28
LH:19
BRDA:7,0,0,17
BRDA:7,0,1,16
BRDA:9,1,0,13
BRDA:9,1,1,3
BRDA:11,2,0,0
BRDA:11,2,1,3
BRDA:13,3,0,0
BRDA:13,3,1,3
BRDA:15,4,0,0
BRDA:15,4,1,3
BRDA:17,5,0,0
BRDA:17,5,1,3
BRDA:19,6,0,0
BRDA:19,6,1,3
BRDA:21,7,0,2
BRDA:21,7,1,1
BRDA:23,8,0,0
BRDA:23,8,1,1
BRDA:25,9,0,1
BRDA:25,9,1,0
BRDA:27,10,0,0
BRDA:27,10,1,0
BRF:22
BRH:13
end_of_record
TN:
SF:middlewares\jwt.js
FN:4,createToken
FN:8,decodeToken
FNF:2
FNH:2
FNDA:4,createToken
FNDA:38,decodeToken
DA:1,7
DA:2,7
DA:5,4
DA:9,38
DA:12,7
LF:5
LH:5
BRF:0
BRH:0
end_of_record
TN:
SF:models\action.js
FN:3,(anonymous_0)
FN:10,(anonymous_1)
FNF:2
FNH:2
FNDA:7,(anonymous_0)
FNDA:7,(anonymous_1)
DA:2,7
DA:3,7
DA:11,7
DA:12,7
DA:15,7
DA:48,7
LF:6
LH:6
BRF:0
BRH:0
end_of_record
TN:
SF:models\doctor.js
FN:5,(anonymous_0)
FN:12,(anonymous_1)
FNF:2
FNH:2
FNDA:7,(anonymous_0)
FNDA:7,(anonymous_1)
DA:4,7
DA:5,7
DA:13,7
DA:14,7
DA:15,7
DA:20,7
DA:58,7
LF:7
LH:7
BRF:0
BRH:0
end_of_record
TN:
SF:models\doctorschedule.js
FN:5,(anonymous_0)
FN:12,(anonymous_1)
FNF:2
FNH:2
FNDA:7,(anonymous_0)
FNDA:7,(anonymous_1)
DA:4,7
DA:5,7
DA:13,7
DA:14,7
DA:15,7
DA:20,7
DA:65,7
LF:7
LH:7
BRF:0
BRH:0
end_of_record
TN:
SF:models\index.js
FN:21,(anonymous_0)
FN:29,(anonymous_1)
FN:34,(anonymous_2)
FNF:3
FNH:3
FNDA:63,(anonymous_0)
FNDA:56,(anonymous_1)
FNDA:56,(anonymous_2)
DA:3,7
DA:4,7
DA:5,7
DA:6,7
DA:7,7
DA:8,7
DA:9,7
DA:10,7
DA:13,7
DA:14,0
DA:16,7
DA:19,7
DA:22,63
DA:30,56
DA:31,56
DA:34,7
DA:35,56
DA:36,56
DA:40,7
DA:41,7
DA:43,7
LF:21
LH:20
BRDA:8,0,0,7
BRDA:8,0,1,0
BRDA:13,1,0,0
BRDA:13,1,1,7
BRDA:23,2,0,63
BRDA:23,2,1,63
BRDA:23,2,2,56
BRDA:23,2,3,56
BRDA:35,3,0,56
BRDA:35,3,1,0
BRF:10
BRH:7
end_of_record
TN:
SF:models\medicalrecord.js
FN:5,(anonymous_0)
FN:12,(anonymous_1)
FNF:2
FNH:2
FNDA:7,(anonymous_0)
FNDA:7,(anonymous_1)
DA:4,7
DA:5,7
DA:14,7
DA:15,7
DA:16,7
DA:17,7
DA:21,7
DA:59,7
LF:8
LH:8
BRF:0
BRH:0
end_of_record
TN:
SF:models\petschedule.js
FN:5,(anonymous_0)
FN:12,(anonymous_1)
FN:49,(anonymous_2)
FNF:3
FNH:3
FNDA:7,(anonymous_0)
FNDA:7,(anonymous_1)
FNDA:1,(anonymous_2)
DA:4,7
DA:5,7
DA:13,7
DA:14,7
DA:15,7
DA:18,7
DA:49,7
DA:50,1
DA:52,7
LF:9
LH:9
BRF:0
BRH:0
end_of_record
TN:
SF:models\petshop.js
FN:5,(anonymous_0)
FN:12,(anonymous_1)
FNF:2
FNH:2
FNDA:7,(anonymous_0)
FNDA:7,(anonymous_1)
DA:4,7
DA:5,7
DA:13,7
DA:14,7
DA:15,7
DA:16,7
DA:17,7
DA:18,7
DA:24,7
DA:48,7
LF:10
LH:10
BRF:0
BRH:0
end_of_record
TN:
SF:models\post.js
FN:5,(anonymous_0)
FN:12,(anonymous_1)
FN:48,(anonymous_2)
FNF:3
FNH:3
FNDA:7,(anonymous_0)
FNDA:7,(anonymous_1)
FNDA:1,(anonymous_2)
DA:4,7
DA:5,7
DA:13,7
DA:16,7
DA:48,7
DA:49,1
DA:51,7
LF:7
LH:7
BRF:0
BRH:0
end_of_record
TN:
SF:models\service.js
FN:5,(anonymous_0)
FN:12,(anonymous_1)
FNF:2
FNH:2
FNDA:7,(anonymous_0)
FNDA:7,(anonymous_1)
DA:4,7
DA:5,7
DA:14,7
DA:15,7
DA:18,7
DA:56,7
LF:6
LH:6
BRF:0
BRH:0
end_of_record
